{"/home/travis/build/npmtest/node-npmtest-crawler-js/test.js":{"path":"/home/travis/build/npmtest/node-npmtest-crawler-js/test.js","s":{"1":2,"2":2,"3":2,"4":2,"5":2,"6":2,"7":2,"8":1,"9":2,"10":2,"11":1,"12":1,"13":1,"14":1,"15":2,"16":2,"17":2,"18":2,"19":1,"20":1,"21":2,"22":2,"23":2,"24":1,"25":1,"26":1,"27":1,"28":1,"29":1,"30":1,"31":1,"32":1,"33":1,"34":1,"35":1,"36":1,"37":2,"38":2,"39":1,"40":2,"41":2,"42":1,"43":2,"44":2,"45":1,"46":2,"47":2,"48":1,"49":1,"50":1,"51":1,"52":1},"b":{"1":[2,1,1,1],"2":[1,1,1,1],"3":[1,1],"4":[1,1],"5":[1,1],"6":[1,1],"7":[1,1],"8":[1,1],"9":[1,1,1],"10":[1,1],"11":[1,1],"12":[1,1],"13":[1,1],"14":[1,1],"15":[1,1],"16":[1,1]},"f":{"1":2,"2":2,"3":2,"4":2,"5":2,"6":1,"7":1,"8":2,"9":2,"10":2,"11":2,"12":1},"fnMap":{"1":{"name":"(anonymous_1)","line":12,"loc":{"start":{"line":12,"column":1},"end":{"line":12,"column":13}}},"2":{"name":"(anonymous_2)","line":19,"loc":{"start":{"line":19,"column":5},"end":{"line":19,"column":17}}},"3":{"name":"(anonymous_3)","line":23,"loc":{"start":{"line":23,"column":24},"end":{"line":23,"column":36}}},"4":{"name":"(anonymous_4)","line":61,"loc":{"start":{"line":61,"column":5},"end":{"line":61,"column":17}}},"5":{"name":"(anonymous_5)","line":82,"loc":{"start":{"line":82,"column":5},"end":{"line":82,"column":17}}},"6":{"name":"(anonymous_6)","line":102,"loc":{"start":{"line":102,"column":83},"end":{"line":105,"column":10}},"skip":true},"7":{"name":"(anonymous_7)","line":113,"loc":{"start":{"line":113,"column":77},"end":{"line":116,"column":10}},"skip":true},"8":{"name":"(anonymous_8)","line":129,"loc":{"start":{"line":129,"column":12},"end":{"line":129,"column":40}},"skip":true},"9":{"name":"(anonymous_9)","line":137,"loc":{"start":{"line":137,"column":77},"end":{"line":140,"column":10}},"skip":true},"10":{"name":"(anonymous_10)","line":148,"loc":{"start":{"line":148,"column":83},"end":{"line":151,"column":10}},"skip":true},"11":{"name":"(anonymous_11)","line":159,"loc":{"start":{"line":159,"column":79},"end":{"line":162,"column":10}},"skip":true},"12":{"name":"(anonymous_12)","line":170,"loc":{"start":{"line":170,"column":75},"end":{"line":173,"column":10}},"skip":true}},"statementMap":{"1":{"start":{"line":12,"column":0},"end":{"line":185,"column":5}},"2":{"start":{"line":14,"column":4},"end":{"line":14,"column":14}},"3":{"start":{"line":19,"column":4},"end":{"line":56,"column":9}},"4":{"start":{"line":21,"column":8},"end":{"line":21,"column":19}},"5":{"start":{"line":23,"column":8},"end":{"line":35,"column":13}},"6":{"start":{"line":24,"column":12},"end":{"line":34,"column":13}},"7":{"start":{"line":25,"column":16},"end":{"line":28,"column":30}},"8":{"start":{"line":30,"column":16},"end":{"line":33,"column":27}},"9":{"start":{"line":37,"column":8},"end":{"line":39,"column":21}},"10":{"start":{"line":40,"column":8},"end":{"line":53,"column":9}},"11":{"start":{"line":43,"column":12},"end":{"line":46,"column":14}},"12":{"start":{"line":47,"column":12},"end":{"line":47,"column":18}},"13":{"start":{"line":50,"column":12},"end":{"line":51,"column":46}},"14":{"start":{"line":52,"column":12},"end":{"line":52,"column":18}},"15":{"start":{"line":55,"column":8},"end":{"line":55,"column":35}},"16":{"start":{"line":61,"column":4},"end":{"line":63,"column":9}},"17":{"start":{"line":62,"column":8},"end":{"line":62,"column":15}},"18":{"start":{"line":64,"column":4},"end":{"line":77,"column":5}},"19":{"start":{"line":70,"column":8},"end":{"line":70,"column":14}},"20":{"start":{"line":76,"column":8},"end":{"line":76,"column":14}},"21":{"start":{"line":82,"column":4},"end":{"line":84,"column":9}},"22":{"start":{"line":83,"column":8},"end":{"line":83,"column":15}},"23":{"start":{"line":85,"column":4},"end":{"line":184,"column":5}},"24":{"start":{"line":92,"column":8},"end":{"line":94,"column":63}},"25":{"start":{"line":95,"column":8},"end":{"line":95,"column":14}},"26":{"start":{"line":102,"column":8},"end":{"line":111,"column":10},"skip":true},"27":{"start":{"line":109,"column":12},"end":{"line":109,"column":55},"skip":true},"28":{"start":{"line":110,"column":12},"end":{"line":110,"column":48},"skip":true},"29":{"start":{"line":113,"column":8},"end":{"line":126,"column":10},"skip":true},"30":{"start":{"line":120,"column":12},"end":{"line":120,"column":76},"skip":true},"31":{"start":{"line":121,"column":12},"end":{"line":121,"column":73},"skip":true},"32":{"start":{"line":122,"column":12},"end":{"line":122,"column":74},"skip":true},"33":{"start":{"line":123,"column":12},"end":{"line":123,"column":79},"skip":true},"34":{"start":{"line":124,"column":12},"end":{"line":124,"column":25},"skip":true},"35":{"start":{"line":125,"column":12},"end":{"line":125,"column":45},"skip":true},"36":{"start":{"line":128,"column":8},"end":{"line":135,"column":14},"skip":true},"37":{"start":{"line":133,"column":16},"end":{"line":133,"column":29},"skip":true},"38":{"start":{"line":134,"column":16},"end":{"line":134,"column":55},"skip":true},"39":{"start":{"line":137,"column":8},"end":{"line":146,"column":10},"skip":true},"40":{"start":{"line":144,"column":12},"end":{"line":144,"column":25},"skip":true},"41":{"start":{"line":145,"column":12},"end":{"line":145,"column":45},"skip":true},"42":{"start":{"line":148,"column":8},"end":{"line":157,"column":10},"skip":true},"43":{"start":{"line":155,"column":12},"end":{"line":155,"column":25},"skip":true},"44":{"start":{"line":156,"column":12},"end":{"line":156,"column":48},"skip":true},"45":{"start":{"line":159,"column":8},"end":{"line":168,"column":10},"skip":true},"46":{"start":{"line":166,"column":12},"end":{"line":166,"column":25},"skip":true},"47":{"start":{"line":167,"column":12},"end":{"line":167,"column":46},"skip":true},"48":{"start":{"line":170,"column":8},"end":{"line":179,"column":10},"skip":true},"49":{"start":{"line":177,"column":12},"end":{"line":177,"column":94},"skip":true},"50":{"start":{"line":178,"column":12},"end":{"line":178,"column":48},"skip":true},"51":{"start":{"line":182,"column":8},"end":{"line":182,"column":35},"skip":true},"52":{"start":{"line":183,"column":8},"end":{"line":183,"column":14},"skip":true}},"branchMap":{"1":{"line":25,"type":"binary-expr","locations":[{"start":{"line":25,"column":23},"end":{"line":25,"column":62}},{"start":{"line":26,"column":20},"end":{"line":26,"column":70}},{"start":{"line":27,"column":20},"end":{"line":27,"column":71}},{"start":{"line":28,"column":20},"end":{"line":28,"column":29}}]},"2":{"line":30,"type":"binary-expr","locations":[{"start":{"line":30,"column":23},"end":{"line":30,"column":37}},{"start":{"line":31,"column":20},"end":{"line":31,"column":61}},{"start":{"line":32,"column":20},"end":{"line":32,"column":70}},{"start":{"line":33,"column":20},"end":{"line":33,"column":26}}]},"3":{"line":37,"type":"cond-expr","locations":[{"start":{"line":38,"column":14},"end":{"line":38,"column":20}},{"start":{"line":39,"column":14},"end":{"line":39,"column":20}}]},"4":{"line":40,"type":"switch","locations":[{"start":{"line":42,"column":8},"end":{"line":47,"column":18}},{"start":{"line":49,"column":8},"end":{"line":52,"column":18}}]},"5":{"line":44,"type":"binary-expr","locations":[{"start":{"line":44,"column":16},"end":{"line":44,"column":44}},{"start":{"line":44,"column":48},"end":{"line":44,"column":66}}]},"6":{"line":50,"type":"binary-expr","locations":[{"start":{"line":50,"column":21},"end":{"line":50,"column":49}},{"start":{"line":50,"column":53},"end":{"line":50,"column":72}}]},"7":{"line":64,"type":"switch","locations":[{"start":{"line":69,"column":4},"end":{"line":70,"column":14}},{"start":{"line":75,"column":4},"end":{"line":76,"column":14}}]},"8":{"line":85,"type":"switch","locations":[{"start":{"line":90,"column":4},"end":{"line":95,"column":14}},{"start":{"line":101,"column":4},"end":{"line":183,"column":14},"skip":true}]},"9":{"line":92,"type":"binary-expr","locations":[{"start":{"line":92,"column":18},"end":{"line":92,"column":32}},{"start":{"line":93,"column":12},"end":{"line":93,"column":53}},{"start":{"line":94,"column":12},"end":{"line":94,"column":61}}]},"10":{"line":102,"type":"binary-expr","locations":[{"start":{"line":102,"column":45},"end":{"line":102,"column":79},"skip":true},{"start":{"line":102,"column":83},"end":{"line":111,"column":9},"skip":true}]},"11":{"line":113,"type":"binary-expr","locations":[{"start":{"line":113,"column":42},"end":{"line":113,"column":73},"skip":true},{"start":{"line":113,"column":77},"end":{"line":126,"column":9},"skip":true}]},"12":{"line":128,"type":"binary-expr","locations":[{"start":{"line":128,"column":48},"end":{"line":128,"column":85},"skip":true},{"start":{"line":129,"column":12},"end":{"line":135,"column":13},"skip":true}]},"13":{"line":137,"type":"binary-expr","locations":[{"start":{"line":137,"column":42},"end":{"line":137,"column":73},"skip":true},{"start":{"line":137,"column":77},"end":{"line":146,"column":9},"skip":true}]},"14":{"line":148,"type":"binary-expr","locations":[{"start":{"line":148,"column":45},"end":{"line":148,"column":79},"skip":true},{"start":{"line":148,"column":83},"end":{"line":157,"column":9},"skip":true}]},"15":{"line":159,"type":"binary-expr","locations":[{"start":{"line":159,"column":43},"end":{"line":159,"column":75},"skip":true},{"start":{"line":159,"column":79},"end":{"line":168,"column":9},"skip":true}]},"16":{"line":170,"type":"binary-expr","locations":[{"start":{"line":170,"column":41},"end":{"line":170,"column":71},"skip":true},{"start":{"line":170,"column":75},"end":{"line":179,"column":9},"skip":true}]}},"code":["/* istanbul instrument in package npmtest_crawler_js */","/*jslint","    bitwise: true,","    browser: true,","    maxerr: 8,","    maxlen: 96,","    node: true,","    nomen: true,","    regexp: true,","    stupid: true","*/","(function () {","    'use strict';","    var local;","","","","    // run shared js-env code - pre-init","    (function () {","        // init local","        local = {};","        // init modeJs","        local.modeJs = (function () {","            try {","                return typeof navigator.userAgent === 'string' &&","                    typeof document.querySelector('body') === 'object' &&","                    typeof XMLHttpRequest.prototype.open === 'function' &&","                    'browser';","            } catch (errorCaughtBrowser) {","                return module.exports &&","                    typeof process.versions.node === 'string' &&","                    typeof require('http').createServer === 'function' &&","                    'node';","            }","        }());","        // init global","        local.global = local.modeJs === 'browser'","            ? window","            : global;","        switch (local.modeJs) {","        // re-init local from window.local","        case 'browser':","            local = local.global.utility2.objectSetDefault(","                local.global.utility2_rollup || local.global.local,","                local.global.utility2","            );","            break;","        // re-init local from example.js","        case 'node':","            local = (local.global.utility2_rollup || require('utility2'))","                .requireExampleJsFromReadme();","            break;","        }","        // export local","        local.global.local = local;","    }());","","","","    // run shared js-env code - function","    (function () {","        return;","    }());","    switch (local.modeJs) {","","","","    // run browser js-env code - function","    case 'browser':","        break;","","","","    // run node js-env code - function","    case 'node':","        break;","    }","","","","    // run shared js-env code - post-init","    (function () {","        return;","    }());","    switch (local.modeJs) {","","","","    // run browser js-env code - post-init","    case 'browser':","        // run tests","        local.nop(local.modeTest &&","            document.querySelector('#testRunButton1') &&","            document.querySelector('#testRunButton1').click());","        break;","","","","    // run node js-env code - post-init","    /* istanbul ignore next */","    case 'node':","        local.testCase_buildApidoc_default = local.testCase_buildApidoc_default || function (","            options,","            onError","        ) {","        /*","         * this function will test buildApidoc's default handling-behavior-behavior","         */","            options = { modulePathList: module.paths };","            local.buildApidoc(options, onError);","        };","","        local.testCase_buildApp_default = local.testCase_buildApp_default || function (","            options,","            onError","        ) {","        /*","         * this function will test buildApp's default handling-behavior-behavior","         */","            local.testCase_buildReadme_default(options, local.onErrorThrow);","            local.testCase_buildLib_default(options, local.onErrorThrow);","            local.testCase_buildTest_default(options, local.onErrorThrow);","            local.testCase_buildCustomOrg_default(options, local.onErrorThrow);","            options = [];","            local.buildApp(options, onError);","        };","","        local.testCase_buildCustomOrg_default = local.testCase_buildCustomOrg_default ||","            function (options, onError) {","            /*","             * this function will test buildCustomOrg's default handling-behavior","             */","                options = {};","                local.buildCustomOrg(options, onError);","            };","","        local.testCase_buildLib_default = local.testCase_buildLib_default || function (","            options,","            onError","        ) {","        /*","         * this function will test buildLib's default handling-behavior","         */","            options = {};","            local.buildLib(options, onError);","        };","","        local.testCase_buildReadme_default = local.testCase_buildReadme_default || function (","            options,","            onError","        ) {","        /*","         * this function will test buildReadme's default handling-behavior-behavior","         */","            options = {};","            local.buildReadme(options, onError);","        };","","        local.testCase_buildTest_default = local.testCase_buildTest_default || function (","            options,","            onError","        ) {","        /*","         * this function will test buildTest's default handling-behavior","         */","            options = {};","            local.buildTest(options, onError);","        };","","        local.testCase_webpage_default = local.testCase_webpage_default || function (","            options,","            onError","        ) {","        /*","         * this function will test webpage's default handling-behavior","         */","            options = { modeCoverageMerge: true, url: local.serverLocalHost + '?modeTest=1' };","            local.browserTest(options, onError);","        };","","        // run test-server","        local.testRunServer(local);","        break;","    }","}());",""],"l":{"12":2,"14":2,"19":2,"21":2,"23":2,"24":2,"25":2,"30":1,"37":2,"40":2,"43":1,"47":1,"50":1,"52":1,"55":2,"61":2,"62":2,"64":2,"70":1,"76":1,"82":2,"83":2,"85":2,"92":1,"95":1,"102":1,"109":1,"110":1,"113":1,"120":1,"121":1,"122":1,"123":1,"124":1,"125":1,"128":1,"133":2,"134":2,"137":1,"144":2,"145":2,"148":1,"155":2,"156":2,"159":1,"166":2,"167":2,"170":1,"177":1,"178":1,"182":1,"183":1}},"/home/travis/build/npmtest/node-npmtest-crawler-js/lib.npmtest_crawler_js.js":{"path":"/home/travis/build/npmtest/node-npmtest-crawler-js/lib.npmtest_crawler_js.js","s":{"1":2,"2":2,"3":2,"4":2,"5":2,"6":2,"7":2,"8":1,"9":2,"10":2,"11":2,"12":2,"13":1,"14":1,"15":1,"16":1},"b":{"1":[2,1,1,1],"2":[1,1,1,1],"3":[1,1],"4":[2,2],"5":[1,1]},"f":{"1":2,"2":2,"3":2},"fnMap":{"1":{"name":"(anonymous_1)","line":12,"loc":{"start":{"line":12,"column":1},"end":{"line":12,"column":13}}},"2":{"name":"(anonymous_2)","line":19,"loc":{"start":{"line":19,"column":5},"end":{"line":19,"column":17}}},"3":{"name":"(anonymous_3)","line":23,"loc":{"start":{"line":23,"column":24},"end":{"line":23,"column":36}}}},"statementMap":{"1":{"start":{"line":12,"column":0},"end":{"line":53,"column":5}},"2":{"start":{"line":14,"column":4},"end":{"line":14,"column":14}},"3":{"start":{"line":19,"column":4},"end":{"line":52,"column":9}},"4":{"start":{"line":21,"column":8},"end":{"line":21,"column":19}},"5":{"start":{"line":23,"column":8},"end":{"line":35,"column":13}},"6":{"start":{"line":24,"column":12},"end":{"line":34,"column":13}},"7":{"start":{"line":25,"column":16},"end":{"line":28,"column":30}},"8":{"start":{"line":30,"column":16},"end":{"line":33,"column":27}},"9":{"start":{"line":37,"column":8},"end":{"line":39,"column":21}},"10":{"start":{"line":41,"column":8},"end":{"line":41,"column":54}},"11":{"start":{"line":43,"column":8},"end":{"line":43,"column":55}},"12":{"start":{"line":45,"column":8},"end":{"line":51,"column":9}},"13":{"start":{"line":46,"column":12},"end":{"line":46,"column":61}},"14":{"start":{"line":48,"column":12},"end":{"line":48,"column":35}},"15":{"start":{"line":49,"column":12},"end":{"line":49,"column":49}},"16":{"start":{"line":50,"column":12},"end":{"line":50,"column":43}}},"branchMap":{"1":{"line":25,"type":"binary-expr","locations":[{"start":{"line":25,"column":23},"end":{"line":25,"column":62}},{"start":{"line":26,"column":20},"end":{"line":26,"column":70}},{"start":{"line":27,"column":20},"end":{"line":27,"column":71}},{"start":{"line":28,"column":20},"end":{"line":28,"column":29}}]},"2":{"line":30,"type":"binary-expr","locations":[{"start":{"line":30,"column":23},"end":{"line":30,"column":37}},{"start":{"line":31,"column":20},"end":{"line":31,"column":61}},{"start":{"line":32,"column":20},"end":{"line":32,"column":70}},{"start":{"line":33,"column":20},"end":{"line":33,"column":26}}]},"3":{"line":37,"type":"cond-expr","locations":[{"start":{"line":38,"column":14},"end":{"line":38,"column":20}},{"start":{"line":39,"column":14},"end":{"line":39,"column":20}}]},"4":{"line":41,"type":"binary-expr","locations":[{"start":{"line":41,"column":16},"end":{"line":41,"column":44}},{"start":{"line":41,"column":48},"end":{"line":41,"column":53}}]},"5":{"line":45,"type":"if","locations":[{"start":{"line":45,"column":8},"end":{"line":45,"column":8}},{"start":{"line":45,"column":8},"end":{"line":45,"column":8}}]}},"code":["/* istanbul instrument in package npmtest_crawler_js */","/*jslint","    bitwise: true,","    browser: true,","    maxerr: 8,","    maxlen: 96,","    node: true,","    nomen: true,","    regexp: true,","    stupid: true","*/","(function () {","    'use strict';","    var local;","","","","    // run shared js-env code - pre-init","    (function () {","        // init local","        local = {};","        // init modeJs","        local.modeJs = (function () {","            try {","                return typeof navigator.userAgent === 'string' &&","                    typeof document.querySelector('body') === 'object' &&","                    typeof XMLHttpRequest.prototype.open === 'function' &&","                    'browser';","            } catch (errorCaughtBrowser) {","                return module.exports &&","                    typeof process.versions.node === 'string' &&","                    typeof require('http').createServer === 'function' &&","                    'node';","            }","        }());","        // init global","        local.global = local.modeJs === 'browser'","            ? window","            : global;","        // init utility2_rollup","        local = local.global.utility2_rollup || local;","        // init lib","        local.local = local.npmtest_crawler_js = local;","        // init exports","        if (local.modeJs === 'browser') {","            local.global.utility2_npmtest_crawler_js = local;","        } else {","            module.exports = local;","            module.exports.__dirname = __dirname;","            module.exports.module = module;","        }","    }());","}());",""],"l":{"12":2,"14":2,"19":2,"21":2,"23":2,"24":2,"25":2,"30":1,"37":2,"41":2,"43":2,"45":2,"46":1,"48":1,"49":1,"50":1}},"/home/travis/build/npmtest/node-npmtest-crawler-js/example.js":{"path":"/home/travis/build/npmtest/node-npmtest-crawler-js/example.js","s":{"1":2,"2":2,"3":2,"4":2,"5":2,"6":2,"7":2,"8":1,"9":2,"10":2,"11":2,"12":2,"13":1,"14":2,"15":2,"16":2,"17":2,"18":2,"19":0,"20":2,"21":1,"22":1,"23":1,"24":1,"25":1,"26":0,"27":0,"28":1,"29":1,"30":2,"31":0,"32":0,"33":0,"34":1,"35":2,"36":2,"37":2,"38":2,"39":2,"40":2,"41":0,"42":2,"43":2,"44":2,"45":1,"46":3,"47":1,"48":1,"49":1,"50":1,"51":1,"52":1,"53":1,"54":1,"55":1,"56":1,"57":0,"58":1,"59":6,"60":6,"61":1,"62":2,"63":0,"64":2,"65":1,"66":1,"67":0,"68":0,"69":0,"70":0,"71":0,"72":0,"73":0,"74":0,"75":0,"76":0,"77":0,"78":0,"79":0,"80":0,"81":0,"82":0,"83":0},"b":{"1":[2,1,1,1],"2":[1,1,1,1],"3":[1,1],"4":[2,2],"5":[1,1],"6":[1,1],"7":[2,0],"8":[2,1,1,1,1,1],"9":[0,2,0],"10":[1,1],"11":[2,1,1],"12":[1,0],"13":[0,2],"14":[2,0,0,0,0,0,0],"15":[0,2],"16":[2,0],"17":[1,1],"18":[0,1],"19":[1,2,0,2],"20":[1,0],"21":[1,1],"22":[0,0],"23":[0,0],"24":[0,0],"25":[0,0],"26":[0,0],"27":[0,0],"28":[0,0]},"f":{"1":2,"2":2,"3":2,"4":2,"5":2,"6":2,"7":2,"8":2,"9":3,"10":1,"11":6,"12":0},"fnMap":{"1":{"name":"(anonymous_1)","line":26,"loc":{"start":{"line":26,"column":1},"end":{"line":26,"column":13}}},"2":{"name":"(anonymous_2)","line":33,"loc":{"start":{"line":33,"column":5},"end":{"line":33,"column":17}}},"3":{"name":"(anonymous_3)","line":37,"loc":{"start":{"line":37,"column":24},"end":{"line":37,"column":36}}},"4":{"name":"(anonymous_4)","line":69,"loc":{"start":{"line":69,"column":31},"end":{"line":69,"column":48}},"skip":true},"5":{"name":"(anonymous_5)","line":78,"loc":{"start":{"line":78,"column":26},"end":{"line":78,"column":45}},"skip":true},"6":{"name":"(anonymous_6)","line":123,"loc":{"start":{"line":123,"column":33},"end":{"line":123,"column":48}},"skip":true},"7":{"name":"(anonymous_7)","line":125,"loc":{"start":{"line":125,"column":27},"end":{"line":125,"column":39}},"skip":true},"8":{"name":"(anonymous_8)","line":133,"loc":{"start":{"line":133,"column":59},"end":{"line":133,"column":74}},"skip":true},"9":{"name":"(anonymous_9)","line":143,"loc":{"start":{"line":143,"column":45},"end":{"line":143,"column":62}},"skip":true},"10":{"name":"(anonymous_10)","line":144,"loc":{"start":{"line":144,"column":73},"end":{"line":144,"column":92}},"skip":true},"11":{"name":"(anonymous_11)","line":272,"loc":{"start":{"line":272,"column":51},"end":{"line":272,"column":77}},"skip":true},"12":{"name":"(anonymous_12)","line":314,"loc":{"start":{"line":314,"column":32},"end":{"line":314,"column":61}},"skip":true}},"statementMap":{"1":{"start":{"line":26,"column":0},"end":{"line":325,"column":5}},"2":{"start":{"line":28,"column":4},"end":{"line":28,"column":14}},"3":{"start":{"line":33,"column":4},"end":{"line":60,"column":9}},"4":{"start":{"line":35,"column":8},"end":{"line":35,"column":19}},"5":{"start":{"line":37,"column":8},"end":{"line":49,"column":13}},"6":{"start":{"line":38,"column":12},"end":{"line":48,"column":13}},"7":{"start":{"line":39,"column":16},"end":{"line":42,"column":30}},"8":{"start":{"line":44,"column":16},"end":{"line":47,"column":27}},"9":{"start":{"line":51,"column":8},"end":{"line":53,"column":21}},"10":{"start":{"line":55,"column":8},"end":{"line":57,"column":45}},"11":{"start":{"line":59,"column":8},"end":{"line":59,"column":35}},"12":{"start":{"line":61,"column":4},"end":{"line":324,"column":5}},"13":{"start":{"line":69,"column":8},"end":{"line":121,"column":10},"skip":true},"14":{"start":{"line":70,"column":12},"end":{"line":88,"column":13},"skip":true},"15":{"start":{"line":76,"column":16},"end":{"line":87,"column":19},"skip":true},"16":{"start":{"line":79,"column":20},"end":{"line":86,"column":21},"skip":true},"17":{"start":{"line":82,"column":24},"end":{"line":82,"column":43},"skip":true},"18":{"start":{"line":83,"column":24},"end":{"line":83,"column":30},"skip":true},"19":{"start":{"line":85,"column":24},"end":{"line":85,"column":49},"skip":true},"20":{"start":{"line":89,"column":12},"end":{"line":107,"column":13},"skip":true},"21":{"start":{"line":92,"column":16},"end":{"line":102,"column":17},"skip":true},"22":{"start":{"line":93,"column":20},"end":{"line":93,"column":86},"skip":true},"23":{"start":{"line":94,"column":20},"end":{"line":95,"column":45},"skip":true},"24":{"start":{"line":96,"column":20},"end":{"line":96,"column":42},"skip":true},"25":{"start":{"line":97,"column":20},"end":{"line":97,"column":48},"skip":true},"26":{"start":{"line":100,"column":20},"end":{"line":100,"column":85},"skip":true},"27":{"start":{"line":101,"column":20},"end":{"line":101,"column":96},"skip":true},"28":{"start":{"line":103,"column":16},"end":{"line":103,"column":22},"skip":true},"29":{"start":{"line":106,"column":16},"end":{"line":106,"column":22},"skip":true},"30":{"start":{"line":108,"column":12},"end":{"line":120,"column":13},"skip":true},"31":{"start":{"line":114,"column":16},"end":{"line":119,"column":17},"skip":true},"32":{"start":{"line":116,"column":20},"end":{"line":116,"column":78},"skip":true},"33":{"start":{"line":118,"column":20},"end":{"line":118,"column":47},"skip":true},"34":{"start":{"line":123,"column":8},"end":{"line":141,"column":11},"skip":true},"35":{"start":{"line":124,"column":12},"end":{"line":124,"column":54},"skip":true},"36":{"start":{"line":125,"column":12},"end":{"line":140,"column":14},"skip":true},"37":{"start":{"line":126,"column":16},"end":{"line":126,"column":28},"skip":true},"38":{"start":{"line":127,"column":16},"end":{"line":127,"column":69},"skip":true},"39":{"start":{"line":128,"column":16},"end":{"line":128,"column":75},"skip":true},"40":{"start":{"line":129,"column":16},"end":{"line":131,"column":17},"skip":true},"41":{"start":{"line":130,"column":20},"end":{"line":130,"column":27},"skip":true},"42":{"start":{"line":133,"column":16},"end":{"line":137,"column":36},"skip":true},"43":{"start":{"line":134,"column":20},"end":{"line":136,"column":55},"skip":true},"44":{"start":{"line":139,"column":16},"end":{"line":139,"column":57},"skip":true},"45":{"start":{"line":143,"column":8},"end":{"line":147,"column":11},"skip":true},"46":{"start":{"line":144,"column":12},"end":{"line":146,"column":15},"skip":true},"47":{"start":{"line":145,"column":16},"end":{"line":145,"column":70},"skip":true},"48":{"start":{"line":149,"column":8},"end":{"line":149,"column":31},"skip":true},"49":{"start":{"line":150,"column":8},"end":{"line":150,"column":14},"skip":true},"50":{"start":{"line":158,"column":8},"end":{"line":158,"column":31},"skip":true},"51":{"start":{"line":160,"column":8},"end":{"line":160,"column":33},"skip":true},"52":{"start":{"line":161,"column":8},"end":{"line":161,"column":37},"skip":true},"53":{"start":{"line":162,"column":8},"end":{"line":162,"column":35},"skip":true},"54":{"start":{"line":164,"column":8},"end":{"line":164,"column":50},"skip":true},"55":{"start":{"line":166,"column":8},"end":{"line":256,"column":2},"skip":true},"56":{"start":{"line":258,"column":8},"end":{"line":286,"column":9},"skip":true},"57":{"start":{"line":259,"column":12},"end":{"line":269,"column":14},"skip":true},"58":{"start":{"line":271,"column":12},"end":{"line":285,"column":19},"skip":true},"59":{"start":{"line":274,"column":20},"end":{"line":274,"column":35},"skip":true},"60":{"start":{"line":275,"column":20},"end":{"line":284,"column":21},"skip":true},"61":{"start":{"line":277,"column":24},"end":{"line":277,"column":64},"skip":true},"62":{"start":{"line":279,"column":24},"end":{"line":279,"column":40},"skip":true},"63":{"start":{"line":281,"column":24},"end":{"line":281,"column":40},"skip":true},"64":{"start":{"line":283,"column":24},"end":{"line":283,"column":39},"skip":true},"65":{"start":{"line":288,"column":8},"end":{"line":290,"column":9},"skip":true},"66":{"start":{"line":289,"column":12},"end":{"line":289,"column":18},"skip":true},"67":{"start":{"line":291,"column":8},"end":{"line":293,"column":54},"skip":true},"68":{"start":{"line":294,"column":8},"end":{"line":301,"column":37},"skip":true},"69":{"start":{"line":302,"column":8},"end":{"line":302,"column":82},"skip":true},"70":{"start":{"line":305,"column":8},"end":{"line":307,"column":9},"skip":true},"71":{"start":{"line":306,"column":12},"end":{"line":306,"column":82},"skip":true},"72":{"start":{"line":309,"column":8},"end":{"line":311,"column":9},"skip":true},"73":{"start":{"line":310,"column":12},"end":{"line":310,"column":18},"skip":true},"74":{"start":{"line":312,"column":8},"end":{"line":312,"column":54},"skip":true},"75":{"start":{"line":313,"column":8},"end":{"line":313,"column":69},"skip":true},"76":{"start":{"line":314,"column":8},"end":{"line":322,"column":36},"skip":true},"77":{"start":{"line":315,"column":12},"end":{"line":315,"column":61},"skip":true},"78":{"start":{"line":316,"column":12},"end":{"line":319,"column":13},"skip":true},"79":{"start":{"line":317,"column":16},"end":{"line":317,"column":75},"skip":true},"80":{"start":{"line":318,"column":16},"end":{"line":318,"column":23},"skip":true},"81":{"start":{"line":320,"column":12},"end":{"line":320,"column":38},"skip":true},"82":{"start":{"line":321,"column":12},"end":{"line":321,"column":27},"skip":true},"83":{"start":{"line":323,"column":8},"end":{"line":323,"column":14},"skip":true}},"branchMap":{"1":{"line":39,"type":"binary-expr","locations":[{"start":{"line":39,"column":23},"end":{"line":39,"column":62}},{"start":{"line":40,"column":20},"end":{"line":40,"column":70}},{"start":{"line":41,"column":20},"end":{"line":41,"column":71}},{"start":{"line":42,"column":20},"end":{"line":42,"column":29}}]},"2":{"line":44,"type":"binary-expr","locations":[{"start":{"line":44,"column":23},"end":{"line":44,"column":37}},{"start":{"line":45,"column":20},"end":{"line":45,"column":61}},{"start":{"line":46,"column":20},"end":{"line":46,"column":70}},{"start":{"line":47,"column":20},"end":{"line":47,"column":26}}]},"3":{"line":51,"type":"cond-expr","locations":[{"start":{"line":52,"column":14},"end":{"line":52,"column":20}},{"start":{"line":53,"column":14},"end":{"line":53,"column":20}}]},"4":{"line":55,"type":"binary-expr","locations":[{"start":{"line":55,"column":16},"end":{"line":55,"column":44}},{"start":{"line":55,"column":49},"end":{"line":57,"column":43}}]},"5":{"line":55,"type":"cond-expr","locations":[{"start":{"line":56,"column":14},"end":{"line":56,"column":54}},{"start":{"line":57,"column":14},"end":{"line":57,"column":43}}]},"6":{"line":61,"type":"switch","locations":[{"start":{"line":68,"column":4},"end":{"line":150,"column":14},"skip":true},{"start":{"line":156,"column":4},"end":{"line":323,"column":14},"skip":true}]},"7":{"line":70,"type":"if","locations":[{"start":{"line":70,"column":12},"end":{"line":70,"column":12},"skip":true},{"start":{"line":70,"column":12},"end":{"line":70,"column":12},"skip":true}]},"8":{"line":70,"type":"binary-expr","locations":[{"start":{"line":70,"column":16},"end":{"line":70,"column":22},"skip":true},{"start":{"line":70,"column":27},"end":{"line":70,"column":32},"skip":true},{"start":{"line":71,"column":20},"end":{"line":71,"column":39},"skip":true},{"start":{"line":72,"column":20},"end":{"line":72,"column":49},"skip":true},{"start":{"line":73,"column":20},"end":{"line":73,"column":58},"skip":true},{"start":{"line":74,"column":20},"end":{"line":74,"column":69},"skip":true}]},"9":{"line":79,"type":"switch","locations":[{"start":{"line":80,"column":20},"end":{"line":80,"column":33},"skip":true},{"start":{"line":81,"column":20},"end":{"line":83,"column":30},"skip":true},{"start":{"line":84,"column":20},"end":{"line":85,"column":49},"skip":true}]},"10":{"line":89,"type":"switch","locations":[{"start":{"line":90,"column":12},"end":{"line":103,"column":22},"skip":true},{"start":{"line":105,"column":12},"end":{"line":106,"column":22},"skip":true}]},"11":{"line":89,"type":"binary-expr","locations":[{"start":{"line":89,"column":20},"end":{"line":89,"column":25},"skip":true},{"start":{"line":89,"column":29},"end":{"line":89,"column":48},"skip":true},{"start":{"line":89,"column":52},"end":{"line":89,"column":74},"skip":true}]},"12":{"line":92,"type":"if","locations":[{"start":{"line":92,"column":16},"end":{"line":92,"column":16},"skip":true},{"start":{"line":92,"column":16},"end":{"line":92,"column":16},"skip":true}]},"13":{"line":108,"type":"if","locations":[{"start":{"line":108,"column":12},"end":{"line":108,"column":12},"skip":true},{"start":{"line":108,"column":12},"end":{"line":108,"column":12},"skip":true}]},"14":{"line":108,"type":"binary-expr","locations":[{"start":{"line":108,"column":16},"end":{"line":108,"column":61},"skip":true},{"start":{"line":108,"column":66},"end":{"line":108,"column":72},"skip":true},{"start":{"line":108,"column":77},"end":{"line":108,"column":82},"skip":true},{"start":{"line":109,"column":20},"end":{"line":109,"column":39},"skip":true},{"start":{"line":110,"column":20},"end":{"line":110,"column":49},"skip":true},{"start":{"line":111,"column":20},"end":{"line":111,"column":58},"skip":true},{"start":{"line":112,"column":20},"end":{"line":112,"column":68},"skip":true}]},"15":{"line":129,"type":"if","locations":[{"start":{"line":129,"column":16},"end":{"line":129,"column":16},"skip":true},{"start":{"line":129,"column":16},"end":{"line":129,"column":16},"skip":true}]},"16":{"line":134,"type":"cond-expr","locations":[{"start":{"line":135,"column":26},"end":{"line":135,"column":29},"skip":true},{"start":{"line":136,"column":26},"end":{"line":136,"column":54},"skip":true}]},"17":{"line":164,"type":"binary-expr","locations":[{"start":{"line":164,"column":27},"end":{"line":164,"column":43},"skip":true},{"start":{"line":164,"column":47},"end":{"line":164,"column":49},"skip":true}]},"18":{"line":258,"type":"if","locations":[{"start":{"line":258,"column":8},"end":{"line":258,"column":8},"skip":true},{"start":{"line":258,"column":8},"end":{"line":258,"column":8},"skip":true}]},"19":{"line":275,"type":"switch","locations":[{"start":{"line":276,"column":20},"end":{"line":277,"column":64},"skip":true},{"start":{"line":278,"column":20},"end":{"line":279,"column":40},"skip":true},{"start":{"line":280,"column":20},"end":{"line":281,"column":40},"skip":true},{"start":{"line":282,"column":20},"end":{"line":283,"column":39},"skip":true}]},"20":{"line":288,"type":"if","locations":[{"start":{"line":288,"column":8},"end":{"line":288,"column":8},"skip":true},{"start":{"line":288,"column":8},"end":{"line":288,"column":8},"skip":true}]},"21":{"line":288,"type":"binary-expr","locations":[{"start":{"line":288,"column":12},"end":{"line":288,"column":40},"skip":true},{"start":{"line":288,"column":44},"end":{"line":288,"column":67},"skip":true}]},"22":{"line":292,"type":"binary-expr","locations":[{"start":{"line":292,"column":12},"end":{"line":292,"column":50},"skip":true},{"start":{"line":293,"column":12},"end":{"line":293,"column":53},"skip":true}]},"23":{"line":295,"type":"binary-expr","locations":[{"start":{"line":295,"column":12},"end":{"line":295,"column":68},"skip":true},{"start":{"line":296,"column":12},"end":{"line":301,"column":36},"skip":true}]},"24":{"line":302,"type":"binary-expr","locations":[{"start":{"line":302,"column":43},"end":{"line":302,"column":75},"skip":true},{"start":{"line":302,"column":79},"end":{"line":302,"column":81},"skip":true}]},"25":{"line":305,"type":"if","locations":[{"start":{"line":305,"column":8},"end":{"line":305,"column":8},"skip":true},{"start":{"line":305,"column":8},"end":{"line":305,"column":8},"skip":true}]},"26":{"line":309,"type":"if","locations":[{"start":{"line":309,"column":8},"end":{"line":309,"column":8},"skip":true},{"start":{"line":309,"column":8},"end":{"line":309,"column":8},"skip":true}]},"27":{"line":312,"type":"binary-expr","locations":[{"start":{"line":312,"column":27},"end":{"line":312,"column":43},"skip":true},{"start":{"line":312,"column":47},"end":{"line":312,"column":53},"skip":true}]},"28":{"line":316,"type":"if","locations":[{"start":{"line":316,"column":12},"end":{"line":316,"column":12},"skip":true},{"start":{"line":316,"column":12},"end":{"line":316,"column":12},"skip":true}]}},"code":["/*","example.js","","quickstart example","","instruction","    1. save this script as example.js","    2. run the shell command:","        $ npm install npmtest-crawler-js && PORT=8081 node example.js","    3. play with the browser-demo on http://127.0.0.1:8081","*/","","","","/* istanbul instrument in package npmtest_crawler_js */","/*jslint","    bitwise: true,","    browser: true,","    maxerr: 8,","    maxlen: 96,","    node: true,","    nomen: true,","    regexp: true,","    stupid: true","*/","(function () {","    'use strict';","    var local;","","","","    // run shared js-env code - pre-init","    (function () {","        // init local","        local = {};","        // init modeJs","        local.modeJs = (function () {","            try {","                return typeof navigator.userAgent === 'string' &&","                    typeof document.querySelector('body') === 'object' &&","                    typeof XMLHttpRequest.prototype.open === 'function' &&","                    'browser';","            } catch (errorCaughtBrowser) {","                return module.exports &&","                    typeof process.versions.node === 'string' &&","                    typeof require('http').createServer === 'function' &&","                    'node';","            }","        }());","        // init global","        local.global = local.modeJs === 'browser'","            ? window","            : global;","        // init utility2_rollup","        local = local.global.utility2_rollup || (local.modeJs === 'browser'","            ? local.global.utility2_npmtest_crawler_js","            : global.utility2_moduleExports);","        // export local","        local.global.local = local;","    }());","    switch (local.modeJs) {","","","","    // post-init","    // run browser js-env code - post-init","    /* istanbul ignore next */","    case 'browser':","        local.testRunBrowser = function (event) {","            if (!event || (event &&","                    event.currentTarget &&","                    event.currentTarget.className &&","                    event.currentTarget.className.includes &&","                    event.currentTarget.className.includes('onreset'))) {","                // reset output","                Array.from(","                    document.querySelectorAll('body > .resettable')","                ).forEach(function (element) {","                    switch (element.tagName) {","                    case 'INPUT':","                    case 'TEXTAREA':","                        element.value = '';","                        break;","                    default:","                        element.textContent = '';","                    }","                });","            }","            switch (event && event.currentTarget && event.currentTarget.id) {","            case 'testRunButton1':","                // show tests","                if (document.querySelector('#testReportDiv1').style.display === 'none') {","                    document.querySelector('#testReportDiv1').style.display = 'block';","                    document.querySelector('#testRunButton1').textContent =","                        'hide internal test';","                    local.modeTest = true;","                    local.testRunDefault(local);","                // hide tests","                } else {","                    document.querySelector('#testReportDiv1').style.display = 'none';","                    document.querySelector('#testRunButton1').textContent = 'run internal test';","                }","                break;","            // custom-case","            default:","                break;","            }","            if (document.querySelector('#inputTextareaEval1') && (!event || (event &&","                    event.currentTarget &&","                    event.currentTarget.className &&","                    event.currentTarget.className.includes &&","                    event.currentTarget.className.includes('oneval')))) {","                // try to eval input-code","                try {","                    /*jslint evil: true*/","                    eval(document.querySelector('#inputTextareaEval1').value);","                } catch (errorCaught) {","                    console.error(errorCaught);","                }","            }","        };","        // log stderr and stdout to #outputTextareaStdout1","        ['error', 'log'].forEach(function (key) {","            console[key + '_original'] = console[key];","            console[key] = function () {","                var element;","                console[key + '_original'].apply(console, arguments);","                element = document.querySelector('#outputTextareaStdout1');","                if (!element) {","                    return;","                }","                // append text to #outputTextareaStdout1","                element.value += Array.from(arguments).map(function (arg) {","                    return typeof arg === 'string'","                        ? arg","                        : JSON.stringify(arg, null, 4);","                }).join(' ') + '\\n';","                // scroll textarea to bottom","                element.scrollTop = element.scrollHeight;","            };","        });","        // init event-handling","        ['change', 'click', 'keyup'].forEach(function (event) {","            Array.from(document.querySelectorAll('.on' + event)).forEach(function (element) {","                element.addEventListener(event, local.testRunBrowser);","            });","        });","        // run tests","        local.testRunBrowser();","        break;","","","","    // run node js-env code - post-init","    /* istanbul ignore next */","    case 'node':","        // export local","        module.exports = local;","        // require modules","        local.fs = require('fs');","        local.http = require('http');","        local.url = require('url');","        // init assets","        local.assetsDict = local.assetsDict || {};","        /* jslint-ignore-begin */","        local.assetsDict['/assets.index.template.html'] = '\\","<!doctype html>\\n\\","<html lang=\"en\">\\n\\","<head>\\n\\","<meta charset=\"UTF-8\">\\n\\","<meta name=\"viewport\" content=\"width=device-width, initial-scale=1\">\\n\\","<title>{{env.npm_package_name}} (v{{env.npm_package_version}})</title>\\n\\","<style>\\n\\","/*csslint\\n\\","    box-sizing: false,\\n\\","    universal-selector: false\\n\\","*/\\n\\","* {\\n\\","    box-sizing: border-box;\\n\\","}\\n\\","body {\\n\\","    background: #dde;\\n\\","    font-family: Arial, Helvetica, sans-serif;\\n\\","    margin: 2rem;\\n\\","}\\n\\","body > * {\\n\\","    margin-bottom: 1rem;\\n\\","}\\n\\",".utility2FooterDiv {\\n\\","    margin-top: 20px;\\n\\","    text-align: center;\\n\\","}\\n\\","</style>\\n\\","<style>\\n\\","/*csslint\\n\\","*/\\n\\","textarea {\\n\\","    font-family: monospace;\\n\\","    height: 10rem;\\n\\","    width: 100%;\\n\\","}\\n\\","textarea[readonly] {\\n\\","    background: #ddd;\\n\\","}\\n\\","</style>\\n\\","</head>\\n\\","<body>\\n\\","<!-- utility2-comment\\n\\","<div id=\"ajaxProgressDiv1\" style=\"background: #d00; height: 2px; left: 0; margin: 0; padding: 0; position: fixed; top: 0; transition: background 0.5s, width 1.5s; width: 25%;\"></div>\\n\\","utility2-comment -->\\n\\","<h1>\\n\\","<!-- utility2-comment\\n\\","    <a\\n\\","        {{#if env.npm_package_homepage}}\\n\\","        href=\"{{env.npm_package_homepage}}\"\\n\\","        {{/if env.npm_package_homepage}}\\n\\","        target=\"_blank\"\\n\\","    >\\n\\","utility2-comment -->\\n\\","        {{env.npm_package_name}} (v{{env.npm_package_version}})\\n\\","<!-- utility2-comment\\n\\","    </a>\\n\\","utility2-comment -->\\n\\","</h1>\\n\\","<h3>{{env.npm_package_description}}</h3>\\n\\","<!-- utility2-comment\\n\\","<h4><a download href=\"assets.app.js\">download standalone app</a></h4>\\n\\","<button class=\"onclick onreset\" id=\"testRunButton1\">run internal test</button><br>\\n\\","<div id=\"testReportDiv1\" style=\"display: none;\"></div>\\n\\","utility2-comment -->\\n\\","\\n\\","\\n\\","\\n\\","<label>stderr and stdout</label>\\n\\","<textarea class=\"resettable\" id=\"outputTextareaStdout1\" readonly></textarea>\\n\\","<!-- utility2-comment\\n\\","{{#if isRollup}}\\n\\","<script src=\"assets.app.js\"></script>\\n\\","{{#unless isRollup}}\\n\\","utility2-comment -->\\n\\","<script src=\"assets.utility2.rollup.js\"></script>\\n\\","<script src=\"jsonp.utility2._stateInit?callback=window.utility2._stateInit\"></script>\\n\\","<script src=\"assets.npmtest_crawler_js.rollup.js\"></script>\\n\\","<script src=\"assets.example.js\"></script>\\n\\","<script src=\"assets.test.js\"></script>\\n\\","<!-- utility2-comment\\n\\","{{/if isRollup}}\\n\\","utility2-comment -->\\n\\","<div class=\"utility2FooterDiv\">\\n\\","    [ this app was created with\\n\\","    <a href=\"https://github.com/kaizhu256/node-utility2\" target=\"_blank\">utility2</a>\\n\\","    ]\\n\\","</div>\\n\\","</body>\\n\\","</html>\\n\\","';","        /* jslint-ignore-end */","        if (local.templateRender) {","            local.assetsDict['/'] = local.templateRender(","                local.assetsDict['/assets.index.template.html'],","                {","                    env: local.objectSetDefault(local.env, {","                        npm_package_description: 'the greatest app in the world!',","                        npm_package_name: 'my-app',","                        npm_package_nameAlias: 'my_app',","                        npm_package_version: '0.0.1'","                    })","                }","            );","        } else {","            local.assetsDict['/'] = local.assetsDict['/assets.index.template.html']","                .replace((/\\{\\{env\\.(\\w+?)\\}\\}/g), function (match0, match1) {","                    // jslint-hack","                    String(match0);","                    switch (match1) {","                    case 'npm_package_description':","                        return 'the greatest app in the world!';","                    case 'npm_package_name':","                        return 'my-app';","                    case 'npm_package_nameAlias':","                        return 'my_app';","                    case 'npm_package_version':","                        return '0.0.1';","                    }","                });","        }","        // run the cli","        if (local.global.utility2_rollup || module !== require.main) {","            break;","        }","        local.assetsDict['/assets.example.js'] =","            local.assetsDict['/assets.example.js'] ||","            local.fs.readFileSync(__filename, 'utf8');","        local.assetsDict['/assets.npmtest_crawler_js.rollup.js'] =","            local.assetsDict['/assets.npmtest_crawler_js.rollup.js'] ||","            local.fs.readFileSync(","                // buildCustomOrg-hack","                local.npmtest_crawler_js.__dirname +","                    '/lib.npmtest_crawler_js.js',","                'utf8'","            ).replace((/^#!/), '//');","        local.assetsDict['/favicon.ico'] = local.assetsDict['/favicon.ico'] || '';","        // if $npm_config_timeout_exit exists,","        // then exit this process after $npm_config_timeout_exit ms","        if (Number(process.env.npm_config_timeout_exit)) {","            setTimeout(process.exit, Number(process.env.npm_config_timeout_exit));","        }","        // start server","        if (local.global.utility2_serverHttp1) {","            break;","        }","        process.env.PORT = process.env.PORT || '8081';","        console.error('server starting on port ' + process.env.PORT);","        local.http.createServer(function (request, response) {","            request.urlParsed = local.url.parse(request.url);","            if (local.assetsDict[request.urlParsed.pathname] !== undefined) {","                response.end(local.assetsDict[request.urlParsed.pathname]);","                return;","            }","            response.statusCode = 404;","            response.end();","        }).listen(process.env.PORT);","        break;","    }","}());",""],"l":{"26":2,"28":2,"33":2,"35":2,"37":2,"38":2,"39":2,"44":1,"51":2,"55":2,"59":2,"61":2,"69":1,"70":2,"76":2,"79":2,"82":2,"83":2,"85":1,"89":2,"92":1,"93":1,"94":1,"96":1,"97":1,"100":1,"101":1,"103":1,"106":1,"108":2,"114":1,"116":1,"118":1,"123":1,"124":2,"125":2,"126":2,"127":2,"128":2,"129":2,"130":1,"133":2,"134":2,"139":2,"143":1,"144":3,"145":1,"149":1,"150":1,"158":1,"160":1,"161":1,"162":1,"164":1,"166":1,"258":1,"259":1,"271":1,"274":6,"275":6,"277":1,"279":2,"281":1,"283":2,"288":1,"289":1,"291":1,"294":1,"302":1,"305":1,"306":1,"309":1,"310":1,"312":1,"313":1,"314":1,"315":1,"316":1,"317":1,"318":1,"320":1,"321":1,"323":1}},"/home/travis/build/npmtest/node-npmtest-crawler-js/node_modules/crawler-js/index.js":{"path":"/home/travis/build/npmtest/node-npmtest-crawler-js/node_modules/crawler-js/index.js","s":{"1":1},"b":{},"f":{},"fnMap":{},"statementMap":{"1":{"start":{"line":1,"column":0},"end":{"line":1,"column":40}}},"branchMap":{},"code":["module.exports = require('./lib/index');",""],"l":{"1":1}},"/home/travis/build/npmtest/node-npmtest-crawler-js/node_modules/crawler-js/lib/index.js":{"path":"/home/travis/build/npmtest/node-npmtest-crawler-js/node_modules/crawler-js/lib/index.js","s":{"1":1,"2":1,"3":0,"4":0,"5":0,"6":0,"7":0,"8":0,"9":0,"10":0,"11":0,"12":0,"13":0,"14":0},"b":{"1":[0,0],"2":[0,0],"3":[0,0],"4":[0,0]},"f":{"1":0},"fnMap":{"1":{"name":"(anonymous_1)","line":3,"loc":{"start":{"line":3,"column":17},"end":{"line":3,"column":38}}}},"statementMap":{"1":{"start":{"line":1,"column":0},"end":{"line":1,"column":37}},"2":{"start":{"line":3,"column":0},"end":{"line":21,"column":2}},"3":{"start":{"line":4,"column":2},"end":{"line":4,"column":52}},"4":{"start":{"line":4,"column":35},"end":{"line":4,"column":51}},"5":{"start":{"line":5,"column":2},"end":{"line":5,"column":59}},"6":{"start":{"line":5,"column":41},"end":{"line":5,"column":58}},"7":{"start":{"line":6,"column":2},"end":{"line":6,"column":61}},"8":{"start":{"line":6,"column":42},"end":{"line":6,"column":60}},"9":{"start":{"line":8,"column":2},"end":{"line":12,"column":28}},"10":{"start":{"line":14,"column":2},"end":{"line":20,"column":3}},"11":{"start":{"line":15,"column":4},"end":{"line":15,"column":65}},"12":{"start":{"line":16,"column":4},"end":{"line":16,"column":67}},"13":{"start":{"line":17,"column":4},"end":{"line":17,"column":53}},"14":{"start":{"line":19,"column":4},"end":{"line":19,"column":59}}},"branchMap":{"1":{"line":4,"type":"if","locations":[{"start":{"line":4,"column":2},"end":{"line":4,"column":2}},{"start":{"line":4,"column":2},"end":{"line":4,"column":2}}]},"2":{"line":5,"type":"if","locations":[{"start":{"line":5,"column":2},"end":{"line":5,"column":2}},{"start":{"line":5,"column":2},"end":{"line":5,"column":2}}]},"3":{"line":6,"type":"if","locations":[{"start":{"line":6,"column":2},"end":{"line":6,"column":2}},{"start":{"line":6,"column":2},"end":{"line":6,"column":2}}]},"4":{"line":14,"type":"if","locations":[{"start":{"line":14,"column":2},"end":{"line":14,"column":2}},{"start":{"line":14,"column":2},"end":{"line":14,"column":2}}]}},"code":["var map_urls = require('./map_urls');","","module.exports = function(font,config){","  if(typeof config == 'undefined'){var config = {};}","  if(typeof font.preview == 'undefined'){font.preview = 0;}","  if(typeof font.tryAgain == 'undefined'){font.tryAgain = 0;}","","  font.type = 'get',","  font.getAttributes = [],","  font.getCurrentEntry = 0,","  font.postAttributes = [],","  font.postCurrentEntry = 0;","","  if(font.preview < 2){","    font.getAttributes = map_urls.getAttributes(font.get,config);","    font.postAttributes = map_urls.getAttributes(font.post,config);","    map_urls.getEntry(font,{get:font['get']},config);","  }else{","    map_urls.getEntry(font,{get:font['getSample']},config);","  }","};",""],"l":{"1":1,"3":1,"4":0,"5":0,"6":0,"8":0,"14":0,"15":0,"16":0,"17":0,"19":0}},"/home/travis/build/npmtest/node-npmtest-crawler-js/node_modules/crawler-js/lib/map_urls.js":{"path":"/home/travis/build/npmtest/node-npmtest-crawler-js/node_modules/crawler-js/lib/map_urls.js","s":{"1":1,"2":1,"3":1,"4":0,"5":0,"6":0,"7":0,"8":0,"9":0,"10":0,"11":0,"12":0,"13":0,"14":0,"15":0,"16":0,"17":0,"18":0,"19":0,"20":0,"21":0,"22":0,"23":0,"24":0,"25":0,"26":0,"27":0,"28":0,"29":0,"30":0,"31":0,"32":0,"33":0,"34":0,"35":0,"36":0,"37":0,"38":0,"39":0,"40":0,"41":0,"42":0,"43":0,"44":0,"45":0,"46":0,"47":0,"48":0,"49":0,"50":0,"51":0,"52":0,"53":0,"54":0,"55":0,"56":0,"57":0,"58":1,"59":0,"60":0,"61":0,"62":0,"63":0,"64":0,"65":0,"66":0,"67":0,"68":0,"69":0,"70":0,"71":0,"72":0,"73":0,"74":0,"75":0,"76":0,"77":0,"78":0,"79":0,"80":0,"81":0,"82":0,"83":0,"84":1,"85":0,"86":0,"87":0,"88":0,"89":0,"90":0,"91":0,"92":0,"93":0,"94":0,"95":1,"96":0,"97":0,"98":0,"99":0,"100":0,"101":0,"102":1,"103":0,"104":0,"105":0,"106":0,"107":0,"108":0,"109":1,"110":0,"111":0,"112":0,"113":0,"114":0,"115":0,"116":0,"117":0,"118":0,"119":1,"120":0,"121":0,"122":0,"123":0,"124":0,"125":0,"126":0,"127":0,"128":0,"129":0,"130":0,"131":1},"b":{"1":[0,0],"2":[0,0],"3":[0,0],"4":[0,0],"5":[0,0],"6":[0,0],"7":[0,0],"8":[0,0],"9":[0,0],"10":[0,0],"11":[0,0],"12":[0,0],"13":[0,0],"14":[0,0],"15":[0,0],"16":[0,0],"17":[0,0],"18":[0,0],"19":[0,0],"20":[0,0],"21":[0,0],"22":[0,0],"23":[0,0],"24":[0,0],"25":[0,0],"26":[0,0],"27":[0,0],"28":[0,0,0,0],"29":[0,0],"30":[0,0,0,0,0],"31":[0,0]},"f":{"1":0,"2":0,"3":0,"4":0,"5":0,"6":0,"7":0,"8":0},"fnMap":{"1":{"name":"(anonymous_1)","line":7,"loc":{"start":{"line":7,"column":20},"end":{"line":7,"column":42}}},"2":{"name":"(anonymous_2)","line":78,"loc":{"start":{"line":78,"column":15},"end":{"line":78,"column":40}}},"3":{"name":"(anonymous_3)","line":94,"loc":{"start":{"line":94,"column":26},"end":{"line":94,"column":36}}},"4":{"name":"(anonymous_4)","line":120,"loc":{"start":{"line":120,"column":17},"end":{"line":120,"column":42}}},"5":{"name":"(anonymous_5)","line":138,"loc":{"start":{"line":138,"column":14},"end":{"line":138,"column":39}}},"6":{"name":"(anonymous_6)","line":147,"loc":{"start":{"line":147,"column":14},"end":{"line":147,"column":39}}},"7":{"name":"(anonymous_7)","line":156,"loc":{"start":{"line":156,"column":12},"end":{"line":156,"column":37}}},"8":{"name":"(anonymous_8)","line":170,"loc":{"start":{"line":170,"column":14},"end":{"line":170,"column":40}}}},"statementMap":{"1":{"start":{"line":1,"column":0},"end":{"line":1,"column":31}},"2":{"start":{"line":2,"column":2},"end":{"line":5,"column":29}},"3":{"start":{"line":7,"column":0},"end":{"line":76,"column":1}},"4":{"start":{"line":8,"column":2},"end":{"line":8,"column":75}},"5":{"start":{"line":9,"column":2},"end":{"line":9,"column":60}},"6":{"start":{"line":10,"column":2},"end":{"line":10,"column":43}},"7":{"start":{"line":11,"column":2},"end":{"line":11,"column":81}},"8":{"start":{"line":12,"column":2},"end":{"line":12,"column":47}},"9":{"start":{"line":13,"column":2},"end":{"line":13,"column":17}},"10":{"start":{"line":15,"column":2},"end":{"line":17,"column":3}},"11":{"start":{"line":16,"column":4},"end":{"line":16,"column":49}},"12":{"start":{"line":18,"column":2},"end":{"line":20,"column":3}},"13":{"start":{"line":19,"column":4},"end":{"line":19,"column":51}},"14":{"start":{"line":21,"column":2},"end":{"line":23,"column":3}},"15":{"start":{"line":22,"column":4},"end":{"line":22,"column":51}},"16":{"start":{"line":24,"column":2},"end":{"line":26,"column":3}},"17":{"start":{"line":25,"column":4},"end":{"line":25,"column":51}},"18":{"start":{"line":27,"column":2},"end":{"line":29,"column":3}},"19":{"start":{"line":28,"column":4},"end":{"line":28,"column":47}},"20":{"start":{"line":30,"column":2},"end":{"line":30,"column":25}},"21":{"start":{"line":31,"column":2},"end":{"line":74,"column":3}},"22":{"start":{"line":32,"column":4},"end":{"line":32,"column":48}},"23":{"start":{"line":33,"column":4},"end":{"line":33,"column":35}},"24":{"start":{"line":35,"column":4},"end":{"line":35,"column":24}},"25":{"start":{"line":36,"column":4},"end":{"line":36,"column":38}},"26":{"start":{"line":37,"column":4},"end":{"line":37,"column":39}},"27":{"start":{"line":39,"column":4},"end":{"line":70,"column":5}},"28":{"start":{"line":40,"column":6},"end":{"line":40,"column":38}},"29":{"start":{"line":41,"column":6},"end":{"line":41,"column":29}},"30":{"start":{"line":42,"column":6},"end":{"line":42,"column":38}},"31":{"start":{"line":43,"column":6},"end":{"line":43,"column":47}},"32":{"start":{"line":45,"column":9},"end":{"line":70,"column":5}},"33":{"start":{"line":46,"column":6},"end":{"line":46,"column":50}},"34":{"start":{"line":47,"column":6},"end":{"line":47,"column":50}},"35":{"start":{"line":48,"column":6},"end":{"line":48,"column":50}},"36":{"start":{"line":49,"column":6},"end":{"line":49,"column":97}},"37":{"start":{"line":51,"column":9},"end":{"line":70,"column":5}},"38":{"start":{"line":52,"column":6},"end":{"line":52,"column":29}},"39":{"start":{"line":53,"column":6},"end":{"line":53,"column":74}},"40":{"start":{"line":54,"column":6},"end":{"line":54,"column":59}},"41":{"start":{"line":56,"column":9},"end":{"line":70,"column":5}},"42":{"start":{"line":57,"column":6},"end":{"line":57,"column":46}},"43":{"start":{"line":58,"column":6},"end":{"line":58,"column":39}},"44":{"start":{"line":59,"column":6},"end":{"line":59,"column":38}},"45":{"start":{"line":60,"column":6},"end":{"line":62,"column":7}},"46":{"start":{"line":61,"column":8},"end":{"line":61,"column":137}},"47":{"start":{"line":64,"column":9},"end":{"line":70,"column":5}},"48":{"start":{"line":65,"column":6},"end":{"line":65,"column":40}},"49":{"start":{"line":66,"column":6},"end":{"line":66,"column":45}},"50":{"start":{"line":67,"column":6},"end":{"line":67,"column":40}},"51":{"start":{"line":68,"column":6},"end":{"line":68,"column":41}},"52":{"start":{"line":69,"column":6},"end":{"line":69,"column":30}},"53":{"start":{"line":71,"column":4},"end":{"line":71,"column":56}},"54":{"start":{"line":71,"column":33},"end":{"line":71,"column":55}},"55":{"start":{"line":72,"column":4},"end":{"line":72,"column":26}},"56":{"start":{"line":73,"column":4},"end":{"line":73,"column":34}},"57":{"start":{"line":75,"column":2},"end":{"line":75,"column":23}},"58":{"start":{"line":78,"column":0},"end":{"line":118,"column":1}},"59":{"start":{"line":79,"column":2},"end":{"line":117,"column":3}},"60":{"start":{"line":80,"column":4},"end":{"line":86,"column":5}},"61":{"start":{"line":81,"column":6},"end":{"line":85,"column":7}},"62":{"start":{"line":82,"column":8},"end":{"line":82,"column":71}},"63":{"start":{"line":84,"column":8},"end":{"line":84,"column":156}},"64":{"start":{"line":87,"column":4},"end":{"line":87,"column":18}},"65":{"start":{"line":88,"column":4},"end":{"line":92,"column":5}},"66":{"start":{"line":89,"column":6},"end":{"line":89,"column":86}},"67":{"start":{"line":90,"column":6},"end":{"line":90,"column":34}},"68":{"start":{"line":91,"column":6},"end":{"line":91,"column":14}},"69":{"start":{"line":93,"column":4},"end":{"line":101,"column":5}},"70":{"start":{"line":94,"column":6},"end":{"line":100,"column":89}},"71":{"start":{"line":95,"column":8},"end":{"line":95,"column":36}},"72":{"start":{"line":96,"column":8},"end":{"line":96,"column":16}},"73":{"start":{"line":97,"column":8},"end":{"line":99,"column":9}},"74":{"start":{"line":98,"column":10},"end":{"line":98,"column":27}},"75":{"start":{"line":103,"column":4},"end":{"line":115,"column":5}},"76":{"start":{"line":104,"column":6},"end":{"line":114,"column":7}},"77":{"start":{"line":105,"column":8},"end":{"line":105,"column":39}},"78":{"start":{"line":106,"column":8},"end":{"line":108,"column":9}},"79":{"start":{"line":107,"column":10},"end":{"line":107,"column":43}},"80":{"start":{"line":110,"column":8},"end":{"line":110,"column":33}},"81":{"start":{"line":111,"column":8},"end":{"line":113,"column":9}},"82":{"start":{"line":112,"column":10},"end":{"line":112,"column":37}},"83":{"start":{"line":116,"column":4},"end":{"line":116,"column":29}},"84":{"start":{"line":120,"column":0},"end":{"line":136,"column":1}},"85":{"start":{"line":121,"column":2},"end":{"line":135,"column":3}},"86":{"start":{"line":122,"column":4},"end":{"line":122,"column":27}},"87":{"start":{"line":124,"column":7},"end":{"line":135,"column":3}},"88":{"start":{"line":125,"column":4},"end":{"line":125,"column":29}},"89":{"start":{"line":127,"column":7},"end":{"line":135,"column":3}},"90":{"start":{"line":128,"column":4},"end":{"line":128,"column":29}},"91":{"start":{"line":130,"column":7},"end":{"line":135,"column":3}},"92":{"start":{"line":131,"column":4},"end":{"line":131,"column":33}},"93":{"start":{"line":133,"column":7},"end":{"line":135,"column":3}},"94":{"start":{"line":134,"column":4},"end":{"line":134,"column":29}},"95":{"start":{"line":138,"column":0},"end":{"line":145,"column":1}},"96":{"start":{"line":139,"column":2},"end":{"line":139,"column":205}},"97":{"start":{"line":140,"column":2},"end":{"line":140,"column":229}},"98":{"start":{"line":141,"column":2},"end":{"line":141,"column":35}},"99":{"start":{"line":142,"column":2},"end":{"line":142,"column":42}},"100":{"start":{"line":143,"column":2},"end":{"line":143,"column":45}},"101":{"start":{"line":144,"column":2},"end":{"line":144,"column":32}},"102":{"start":{"line":147,"column":0},"end":{"line":154,"column":1}},"103":{"start":{"line":148,"column":2},"end":{"line":148,"column":284}},"104":{"start":{"line":149,"column":2},"end":{"line":149,"column":156}},"105":{"start":{"line":150,"column":2},"end":{"line":150,"column":35}},"106":{"start":{"line":151,"column":2},"end":{"line":151,"column":42}},"107":{"start":{"line":152,"column":2},"end":{"line":152,"column":45}},"108":{"start":{"line":153,"column":2},"end":{"line":153,"column":32}},"109":{"start":{"line":156,"column":0},"end":{"line":168,"column":1}},"110":{"start":{"line":157,"column":2},"end":{"line":161,"column":3}},"111":{"start":{"line":158,"column":4},"end":{"line":158,"column":190}},"112":{"start":{"line":160,"column":4},"end":{"line":160,"column":170}},"113":{"start":{"line":162,"column":2},"end":{"line":162,"column":138}},"114":{"start":{"line":163,"column":2},"end":{"line":163,"column":156}},"115":{"start":{"line":164,"column":2},"end":{"line":164,"column":35}},"116":{"start":{"line":165,"column":2},"end":{"line":165,"column":42}},"117":{"start":{"line":166,"column":2},"end":{"line":166,"column":45}},"118":{"start":{"line":167,"column":2},"end":{"line":167,"column":32}},"119":{"start":{"line":170,"column":0},"end":{"line":186,"column":1}},"120":{"start":{"line":171,"column":2},"end":{"line":185,"column":3}},"121":{"start":{"line":172,"column":4},"end":{"line":178,"column":5}},"122":{"start":{"line":173,"column":6},"end":{"line":173,"column":39}},"123":{"start":{"line":175,"column":6},"end":{"line":175,"column":35}},"124":{"start":{"line":176,"column":6},"end":{"line":176,"column":33}},"125":{"start":{"line":177,"column":6},"end":{"line":177,"column":40}},"126":{"start":{"line":180,"column":4},"end":{"line":180,"column":26}},"127":{"start":{"line":181,"column":4},"end":{"line":181,"column":37}},"128":{"start":{"line":182,"column":4},"end":{"line":182,"column":44}},"129":{"start":{"line":183,"column":4},"end":{"line":183,"column":34}},"130":{"start":{"line":184,"column":4},"end":{"line":184,"column":25}},"131":{"start":{"line":188,"column":0},"end":{"line":191,"column":2}}},"branchMap":{"1":{"line":15,"type":"if","locations":[{"start":{"line":15,"column":2},"end":{"line":15,"column":2}},{"start":{"line":15,"column":2},"end":{"line":15,"column":2}}]},"2":{"line":18,"type":"if","locations":[{"start":{"line":18,"column":2},"end":{"line":18,"column":2}},{"start":{"line":18,"column":2},"end":{"line":18,"column":2}}]},"3":{"line":21,"type":"if","locations":[{"start":{"line":21,"column":2},"end":{"line":21,"column":2}},{"start":{"line":21,"column":2},"end":{"line":21,"column":2}}]},"4":{"line":24,"type":"if","locations":[{"start":{"line":24,"column":2},"end":{"line":24,"column":2}},{"start":{"line":24,"column":2},"end":{"line":24,"column":2}}]},"5":{"line":27,"type":"if","locations":[{"start":{"line":27,"column":2},"end":{"line":27,"column":2}},{"start":{"line":27,"column":2},"end":{"line":27,"column":2}}]},"6":{"line":39,"type":"if","locations":[{"start":{"line":39,"column":4},"end":{"line":39,"column":4}},{"start":{"line":39,"column":4},"end":{"line":39,"column":4}}]},"7":{"line":45,"type":"if","locations":[{"start":{"line":45,"column":9},"end":{"line":45,"column":9}},{"start":{"line":45,"column":9},"end":{"line":45,"column":9}}]},"8":{"line":51,"type":"if","locations":[{"start":{"line":51,"column":9},"end":{"line":51,"column":9}},{"start":{"line":51,"column":9},"end":{"line":51,"column":9}}]},"9":{"line":56,"type":"if","locations":[{"start":{"line":56,"column":9},"end":{"line":56,"column":9}},{"start":{"line":56,"column":9},"end":{"line":56,"column":9}}]},"10":{"line":60,"type":"if","locations":[{"start":{"line":60,"column":6},"end":{"line":60,"column":6}},{"start":{"line":60,"column":6},"end":{"line":60,"column":6}}]},"11":{"line":64,"type":"if","locations":[{"start":{"line":64,"column":9},"end":{"line":64,"column":9}},{"start":{"line":64,"column":9},"end":{"line":64,"column":9}}]},"12":{"line":71,"type":"if","locations":[{"start":{"line":71,"column":4},"end":{"line":71,"column":4}},{"start":{"line":71,"column":4},"end":{"line":71,"column":4}}]},"13":{"line":79,"type":"if","locations":[{"start":{"line":79,"column":2},"end":{"line":79,"column":2}},{"start":{"line":79,"column":2},"end":{"line":79,"column":2}}]},"14":{"line":81,"type":"if","locations":[{"start":{"line":81,"column":6},"end":{"line":81,"column":6}},{"start":{"line":81,"column":6},"end":{"line":81,"column":6}}]},"15":{"line":88,"type":"if","locations":[{"start":{"line":88,"column":4},"end":{"line":88,"column":4}},{"start":{"line":88,"column":4},"end":{"line":88,"column":4}}]},"16":{"line":93,"type":"if","locations":[{"start":{"line":93,"column":4},"end":{"line":93,"column":4}},{"start":{"line":93,"column":4},"end":{"line":93,"column":4}}]},"17":{"line":97,"type":"if","locations":[{"start":{"line":97,"column":8},"end":{"line":97,"column":8}},{"start":{"line":97,"column":8},"end":{"line":97,"column":8}}]},"18":{"line":103,"type":"if","locations":[{"start":{"line":103,"column":4},"end":{"line":103,"column":4}},{"start":{"line":103,"column":4},"end":{"line":103,"column":4}}]},"19":{"line":104,"type":"if","locations":[{"start":{"line":104,"column":6},"end":{"line":104,"column":6}},{"start":{"line":104,"column":6},"end":{"line":104,"column":6}}]},"20":{"line":106,"type":"if","locations":[{"start":{"line":106,"column":8},"end":{"line":106,"column":8}},{"start":{"line":106,"column":8},"end":{"line":106,"column":8}}]},"21":{"line":111,"type":"if","locations":[{"start":{"line":111,"column":8},"end":{"line":111,"column":8}},{"start":{"line":111,"column":8},"end":{"line":111,"column":8}}]},"22":{"line":121,"type":"if","locations":[{"start":{"line":121,"column":2},"end":{"line":121,"column":2}},{"start":{"line":121,"column":2},"end":{"line":121,"column":2}}]},"23":{"line":124,"type":"if","locations":[{"start":{"line":124,"column":7},"end":{"line":124,"column":7}},{"start":{"line":124,"column":7},"end":{"line":124,"column":7}}]},"24":{"line":127,"type":"if","locations":[{"start":{"line":127,"column":7},"end":{"line":127,"column":7}},{"start":{"line":127,"column":7},"end":{"line":127,"column":7}}]},"25":{"line":130,"type":"if","locations":[{"start":{"line":130,"column":7},"end":{"line":130,"column":7}},{"start":{"line":130,"column":7},"end":{"line":130,"column":7}}]},"26":{"line":133,"type":"if","locations":[{"start":{"line":133,"column":7},"end":{"line":133,"column":7}},{"start":{"line":133,"column":7},"end":{"line":133,"column":7}}]},"27":{"line":157,"type":"if","locations":[{"start":{"line":157,"column":2},"end":{"line":157,"column":2}},{"start":{"line":157,"column":2},"end":{"line":157,"column":2}}]},"28":{"line":157,"type":"binary-expr","locations":[{"start":{"line":157,"column":6},"end":{"line":157,"column":55}},{"start":{"line":157,"column":59},"end":{"line":157,"column":94}},{"start":{"line":157,"column":100},"end":{"line":157,"column":149}},{"start":{"line":157,"column":153},"end":{"line":157,"column":174}}]},"29":{"line":171,"type":"if","locations":[{"start":{"line":171,"column":2},"end":{"line":171,"column":2}},{"start":{"line":171,"column":2},"end":{"line":171,"column":2}}]},"30":{"line":171,"type":"binary-expr","locations":[{"start":{"line":171,"column":6},"end":{"line":171,"column":23}},{"start":{"line":171,"column":27},"end":{"line":171,"column":45}},{"start":{"line":171,"column":51},"end":{"line":171,"column":68}},{"start":{"line":171,"column":72},"end":{"line":171,"column":90}},{"start":{"line":171,"column":94},"end":{"line":171,"column":116}}]},"31":{"line":172,"type":"if","locations":[{"start":{"line":172,"column":4},"end":{"line":172,"column":4}},{"start":{"line":172,"column":4},"end":{"line":172,"column":4}}]}},"code":["var utils = require('./utils');","  get_html = require('./get_html'),","  lettersCombinations = require('./letters_combinations.js'),","  querystring = require('querystring'),","  mongoq = require('mongoq');","","var getAttributes = function(entry,config){","  var csv = /\\[csv:[^:]{0,}:[^:]{0,}:(.[0-9]{0,10}?):(.[0-9]{0,10}?)\\]/gim;","  var mongodb = /\\[mongodb:[^:]{0,}:[^:]{0,}:[^:]{0,}\\]/gim;","  var words = /\\[words:\\[[^\\]]{0,}\\]\\]/gim;","  var numbers = /\\[numbers:(.[0-9]{0,10}?):(.[0-9]{0,10}?):(.[0-9]{0,10}?)\\]/gim;","  var letters = /\\[letters:(.[0-9]{0,}?)\\]/gim;","  var types = [];","","  if(words.test(entry) == true){","    var types = types.concat(entry.match(words));","  }","  if(numbers.test(entry) == true){","    var types = types.concat(entry.match(numbers));","  }","  if(letters.test(entry) == true){","    var types = types.concat(entry.match(letters));","  }","  if(mongodb.test(entry) == true){","    var types = types.concat(entry.match(mongodb));","  }","  if(csv.test(entry) == true){","    var types = types.concat(entry.match(csv));","  }","  var allAttributes = [];","  for(n in types){","    var url = types[n].replace(/(\\[|\\])/gim,'');","    var attribute = url.split(':');","","    var attributes = [];","    attributes['name'] = attribute[0];","    attributes['parameter'] = types[n];","","    if(attribute[0] == 'words'){","      attribute = attribute.splice(1);","      attributes['init'] = 0;","      attributes['words'] = attribute;","      attributes['total'] = attribute.length-1;","    }","    else if(attribute[0] == 'numbers'){","      attributes['init'] = parseInt(attribute[1]);","      attributes['size'] = parseInt(attribute[2]);","      attributes['diff'] = parseInt(attribute[3]);","      attributes['total'] = parseInt((attributes['size']-attributes['init'])/attributes['diff']);","    }","    else if(attribute[0] == 'letters'){","      attributes['init'] = 0;","      attributes['letters'] = lettersCombinations(parseInt(attribute[1]));","      attributes['total'] = attributes['letters'].length-1;","    }","    else if(attribute[0] == 'mongodb'){","      attributes['collection'] = attribute[1];","      attributes['key'] = attribute[2];","      attributes['id'] = attribute[3];","      if(typeof dbUrls == 'undefined'){","        dbUrls = mongoq(config.mongoDB, {auto_reconect:false, safe:false, timeout: 1, host:config.mongoDBHost, port:config.mongoDBPort});","      }","    }","    else if(attribute[0] == 'csv'){","      attributes['file'] = attribute[1];","      attributes['delimiter'] = attribute[2];","      attributes['data'] = attribute[3];","      attributes['csvId'] = attribute[4];","      attributes['total'] = 0;","    }","    if(attributes['total'] == 0){attributes['total']=1;}","    attributes['first']=1;","    allAttributes[n] = attributes;","  }","  return allAttributes;","}","","var getEntry = function(font,url,config){","  if(typeof font[font['type']+'Attributes'][font[font['type']+'CurrentEntry']] !== 'undefined'){","    for(var c = font[font['type']+'Attributes'].length-1; c>=0; c--){","      if(c == font[font['type']+'Attributes'].length-1){","        font[font['type']+'Attributes'][c]['interval'] = font.interval;","      }else{","        font[font['type']+'Attributes'][c]['interval'] = font[font['type']+'Attributes'][c+1]['interval']*(font[font['type']+'Attributes'][c+1]['total']+1);","      }","    }","    var count = 0;","    if(font[font['type']+'Attributes'][font[font['type']+'CurrentEntry']]['first'] == 1){","      font[font['type']+'Attributes'][font[font['type']+'CurrentEntry']]['first'] = 0;","      getTypeUrl(font,url,config);","      count++;","    }","    if(font[font['type']+'Attributes'][font[font['type']+'CurrentEntry']]['name'] != 'csv'){","      var i = setInterval(function(){","        getTypeUrl(font,url,config);","        count++;","        if(count > font[font['type']+'Attributes'][font[font['type']+'CurrentEntry']]['total']){","          clearInterval(i);","        }","      }, font[font['type']+'Attributes'][font[font['type']+'CurrentEntry']]['interval']);","    }","  }else{","    if(font[font['type']+'Attributes'].length == 0){","      if(font.preview > 1){","        url['get'] = font['getSample'];","        if(font['postSample'] != ''){","          url['post'] = font['postSample'];","        }","      }else{","        url['get'] = font['get'];","        if(font['post'] != ''){","          url['post'] = font['post'];","        }","      }","    }","    putItem(font,url,config);","  }","}","","var getTypeUrl = function(font,url,config){","  if(font[font['type']+'Attributes'][font[font['type']+'CurrentEntry']]['name'] == 'words'){","    words(font,url,config);","  }","  else if(font[font['type']+'Attributes'][font[font['type']+'CurrentEntry']]['name'] == 'numbers'){","    numbers(font,url,config);","  }","  else if(font[font['type']+'Attributes'][font[font['type']+'CurrentEntry']]['name'] == 'letters'){","    letters(font,url,config);","  }","  else if(font[font['type']+'Attributes'][font[font['type']+'CurrentEntry']]['name'] == 'mongodb'){","    readMongoDb(font,url,config);","  }","  else if(font[font['type']+'Attributes'][font[font['type']+'CurrentEntry']]['name'] == 'csv'){","    readCsv(font,url,config);","  }","}","","var numbers = function(font,url,config){","  url[font['type']] = font[font['type']].replace(font[font['type']+'Attributes'][font[font['type']+'CurrentEntry']]['parameter'],font[font['type']+'Attributes'][font[font['type']+'CurrentEntry']]['init']);","  font[font['type']+'Attributes'][font[font['type']+'CurrentEntry']]['init'] = font[font['type']+'Attributes'][font[font['type']+'CurrentEntry']]['init']+font[font['type']+'Attributes'][font[font['type']+'CurrentEntry']]['diff'];","  var fontTemp = utils.clone(font);","  fontTemp[font['type']+'CurrentEntry']++;","  fontTemp[font['type']] = url[font['type']];","  getEntry(fontTemp,url,config);","}","","var letters = function(font,url,config){","  url[font['type']] = font[font['type']].replace(font[font['type']+'Attributes'][font[font['type']+'CurrentEntry']]['parameter'],font[font['type']+'Attributes'][font[font['type']+'CurrentEntry']]['letters'][font[font['type']+'Attributes'][font[font['type']+'CurrentEntry']]['init']]);","  font[font['type']+'Attributes'][font[font['type']+'CurrentEntry']]['init'] = font[font['type']+'Attributes'][font[font['type']+'CurrentEntry']]['init']+1;","  var fontTemp = utils.clone(font);","  fontTemp[font['type']+'CurrentEntry']++;","  fontTemp[font['type']] = url[font['type']];","  getEntry(fontTemp,url,config);","}","","var words = function(font,url,config){","  if((typeof font['encode'+font['type']] != 'undefined' && font['encode'+font['type']] == true) || (typeof font['encode'+font['type']] == 'undefined' && font['type'] == 'get')){","    var urlTemp = encodeURIComponent(font[font['type']+'Attributes'][font[font['type']+'CurrentEntry']]['words'][font[font['type']+'Attributes'][font[font['type']+'CurrentEntry']]['init']]);","  }else{","    var urlTemp = font[font['type']+'Attributes'][font[font['type']+'CurrentEntry']]['words'][font[font['type']+'Attributes'][font[font['type']+'CurrentEntry']]['init']];","  }","  url[font['type']] = font[font['type']].replace(font[font['type']+'Attributes'][font[font['type']+'CurrentEntry']]['parameter'],urlTemp);","  font[font['type']+'Attributes'][font[font['type']+'CurrentEntry']]['init'] = font[font['type']+'Attributes'][font[font['type']+'CurrentEntry']]['init']+1;","  var fontTemp = utils.clone(font);","  fontTemp[font['type']+'CurrentEntry']++;","  fontTemp[font['type']] = url[font['type']];","  getEntry(fontTemp,url,config);","}","","var putItem = function (font,url,config){","  if((font['get'] != '' && font['post'] == '') || (font['get'] != '' && font['post'] != '' && font['type'] == 'post')){","    if(font.preview === 1){","      console.log(JSON.stringify(url));","    }else{","      var font = utils.clone(font);","      var url = utils.clone(url);","      get_html.getHtml(font,url,config);","    }","  }else{","    font['type'] = \"post\";","    var fontTemp = utils.clone(font);","    fontTemp[font['type']+'CurrentEntry']=0;","    getEntry(fontTemp,url,config);","    font['type'] = \"get\";","  }","}","","module.exports = {","  getAttributes: getAttributes,","  getEntry: getEntry","};",""],"l":{"1":1,"2":1,"7":1,"8":0,"9":0,"10":0,"11":0,"12":0,"13":0,"15":0,"16":0,"18":0,"19":0,"21":0,"22":0,"24":0,"25":0,"27":0,"28":0,"30":0,"31":0,"32":0,"33":0,"35":0,"36":0,"37":0,"39":0,"40":0,"41":0,"42":0,"43":0,"45":0,"46":0,"47":0,"48":0,"49":0,"51":0,"52":0,"53":0,"54":0,"56":0,"57":0,"58":0,"59":0,"60":0,"61":0,"64":0,"65":0,"66":0,"67":0,"68":0,"69":0,"71":0,"72":0,"73":0,"75":0,"78":1,"79":0,"80":0,"81":0,"82":0,"84":0,"87":0,"88":0,"89":0,"90":0,"91":0,"93":0,"94":0,"95":0,"96":0,"97":0,"98":0,"103":0,"104":0,"105":0,"106":0,"107":0,"110":0,"111":0,"112":0,"116":0,"120":1,"121":0,"122":0,"124":0,"125":0,"127":0,"128":0,"130":0,"131":0,"133":0,"134":0,"138":1,"139":0,"140":0,"141":0,"142":0,"143":0,"144":0,"147":1,"148":0,"149":0,"150":0,"151":0,"152":0,"153":0,"156":1,"157":0,"158":0,"160":0,"162":0,"163":0,"164":0,"165":0,"166":0,"167":0,"170":1,"171":0,"172":0,"173":0,"175":0,"176":0,"177":0,"180":0,"181":0,"182":0,"183":0,"184":0,"188":1}},"/home/travis/build/npmtest/node-npmtest-crawler-js/node_modules/crawler-js/lib/utils.js":{"path":"/home/travis/build/npmtest/node-npmtest-crawler-js/node_modules/crawler-js/lib/utils.js","s":{"1":1,"2":0,"3":0,"4":0,"5":0,"6":1,"7":0,"8":0,"9":0,"10":0,"11":0,"12":0,"13":0,"14":0,"15":1,"16":0,"17":0,"18":0,"19":0,"20":0,"21":0,"22":1,"23":0,"24":1,"25":0,"26":0,"27":0,"28":0,"29":0,"30":0,"31":0,"32":0,"33":0,"34":0,"35":0,"36":0,"37":0,"38":0,"39":0,"40":0,"41":0,"42":0,"43":0,"44":0,"45":0,"46":0,"47":0,"48":0,"49":0,"50":0,"51":0,"52":0,"53":0,"54":0,"55":0,"56":0,"57":0,"58":0,"59":0,"60":0,"61":0,"62":0,"63":0,"64":0,"65":0,"66":0,"67":0,"68":0,"69":0,"70":0,"71":0,"72":0,"73":0,"74":0,"75":0,"76":0,"77":0,"78":0,"79":0,"80":0,"81":0,"82":0,"83":0,"84":0},"b":{"1":[0,0],"2":[0,0,0],"3":[0,0],"4":[0,0],"5":[0,0],"6":[0,0],"7":[0,0],"8":[0,0],"9":[0,0],"10":[0,0],"11":[0,0],"12":[0,0],"13":[0,0],"14":[0,0],"15":[0,0]},"f":{"1":0,"2":0,"3":0,"4":0,"5":0,"6":0,"7":0,"8":0,"9":0,"10":0,"11":0},"fnMap":{"1":{"name":"isUnsafe","line":1,"loc":{"start":{"line":1,"column":0},"end":{"line":1,"column":30}}},"2":{"name
[...]
end":{"line":2,"column":2}},{"start":{"line":2,"column":2},"end":{"line":2,"column":2}}]},"2":{"line":5,"type":"if","locations":[{"start":{"line":5,"column":2},"end":{"line":5,"column":2}},{"start":{"line":5,"column":2},"end":{"line":5,"column":2}}]}},"code":["module.exports = function(allOptionsArray, combination){","  if(typeof combination == 'undefined'){","    var combination = {codes : [], result : [], counter : 0};","  }","  if(allOptionsArray.length > 0){","    for(var i = 0; i < allOptionsArray[0].length; i++){","      var tmp = allOptionsArray.slice(0);","      combination.codes[combination.counter] = allOptionsArray[0][i];","      tmp.shift();","      combination.counter++;","      getCombination(tmp, combination);","    }","  }else{","    var combi = combination.codes.slice(0).toString().replace(/(,)/gim,'');","    combination.result.push(combi);","  }","  combination.counter--;","  return combination;","}",""],"l":{"1":1,"2":0,"3":0,"5":0,"6":0,"7":0,"8":0,"9":0,"10":0,"11":0,"14":0,"15":0,"17":0,"18":0}},"/home/travis/build/npmtest/node-npmtest-crawler-js/node_modules/crawler-js/lib/get_proxies.js":{"path":"/home/travis/build/npmtest/node-npmtest-crawler-js/node_modules/crawler-js/lib/get_proxies.js","s":{"1":1,"2":1,"3":1,"4":1,"5":1,"6":0,"7":0,"8":0,"9":0,"10":0,"11":0,"12":0,"13":0,"14":0,"15":0,"16":0,"17":0,"18":0,"19":0,"20":1,"21":0,"22":0,"23":0,"24":0,"25":1},"b":{"1":[0,1],"2":[0,0],"3":[0,0]},"f":{"1":1,"2":1,"3":0,"4":0},"fnMap":{"1":{"name":"(anonymous_1)","line":3,"loc":{"start":{"line":3,"column":13},"end":{"line":3,"column":23}}},"2":{"name":"(anonymous_2)","line":5,"loc":{"start":{"line":5,"column":18},"end":{"line":5,"column":34}}},"3":{"name":"(anonymous_3)","line":11,"loc":{"start":{"line":11,"column":38},"end":{"line":11,"column":51}}},"4":{"name":"(anonymous_4)","line":30,"loc":{"start":{"line":30,"column":17},"end":{"line":30,"column":27}}}},"statementMap":{"1":{"start":{"line":1,"column":0},"end":{"line":1,"column":23}},"2":{"start":{"line":3,"column":0},"end":{"line":28,"column":1}},"3":{"start":{"line":4,"column":2},"end":{"line":4,"column":29}},"4":{"start":{"line":5,"column":2},"end":{"line":27,"column":5}},"5":{"start":{"line":6,"column":4},"end":{"line":26,"column":5}},"6":{"start":{"line":7,"column":6},"end":{"line":7,"column":62}},"7":{"start":{"line":8,"column":6},"end":{"line":8,"column":47}},"8":{"start":{"line":9,"column":6},"end":{"line":9,"column":26}},"9":{"start":{"line":10,"column":6},"end":{"line":10,"column":19}},"10":{"start":{"line":11,"column":6},"end":{"line":24,"column":9}},"11":{"start":{"line":12,"column":8},"end":{"line":12,"column":21}},"12":{"start":{"line":13,"column":8},"end":{"line":22,"column":9}},"13":{"start":{"line":14,"column":10},"end":{"line":16,"column":11}},"14":{"start":{"line":15,"column":12},"end":{"line":15,"column":28}},"15":{"start":{"line":17,"column":10},"end":{"line":17,"column":25}},"16":{"start":{"line":19,"column":10},"end":{"line":21,"column":11}},"17":{"start":{"line":20,"column":12},"end":{"line":20,"column":33}},"18":{"start":{"line":23,"column":8},"end":{"line":23,"column":30}},"19":{"start":{"line":25,"column":6},"end":{"line":25,"column":36}},"20":{"start":{"line":30,"column":0},"end":{"line":37,"column":1}},"21":{"start":{"line":31,"column":2},"end":{"line":36,"column":3}},"22":{"start":{"line":32,"column":4},"end":{"line":32,"column":68}},"23":{"start":{"line":33,"column":4},"end":{"line":33,"column":20}},"24":{"start":{"line":35,"column":4},"end":{"line":35,"column":17}},"25":{"start":{"line":39,"column":0},"end":{"line":39,"column":13}}},"branchMap":{"1":{"line":6,"type":"if","locations":[{"start":{"line":6,"column":4},"end":{"line":6,"column":4}},{"start":{"line":6,"column":4},"end":{"line":6,"column":4}}]},"2":{"line":13,"type":"if","locations":[{"start":{"line":13,"column":8},"end":{"line":13,"column":8}},{"start":{"line":13,"column":8},"end":{"line":13,"column":8}}]},"3":{"line":31,"type":"if","locations":[{"start":{"line":31,"column":2},"end":{"line":31,"column":2}},{"start":{"line":31,"column":2},"end":{"line":31,"column":2}}]}},"code":["var fs = require(\"fs\");","","getProxies = function(){","  var file = './proxies.txt';","  fs.exists(file, function(exists){","    if(exists){","      var csvConverter=new Converter({constructResult:false});","      var readStream=fs.createReadStream(file);","      var started = false;","      proxies = [];","      csvConverter.on(\"record_parsed\",function(row){","        rowTemp = [];","        if(started == false){","          for(i in row){","            rowTemp.push(i);","          }","          started = true;","        }else{","          for(i in row){","            rowTemp.push(row[i]);","          }","        }","        proxies.push(rowTemp);","      });","      csvConverter.pipe(readStream);","    }","  });","}","","getRandomProxy = function(){","  if(typeof proxies != 'undefined'){","    var proxy = proxies[Math.floor(Math.random() * proxies.length)];","    return proxy[0];","  }else{","    return false;","  }","}","","getProxies();",""],"l":{"1":1,"3":1,"4":1,"5":1,"6":1,"7":0,"8":0,"9":0,"10":0,"11":0,"12":0,"13":0,"14":0,"15":0,"17":0,"19":0,"20":0,"23":0,"25":0,"30":1,"31":0,"32":0,"33":0,"35":0,"39":1}},"/home/travis/build/npmtest/node-npmtest-crawler-js/node_modules/crawler-js/lib/read_csv.js":{"path":"/home/travis/build/npmtest/node-npmtest-crawler-js/node_modules/crawler-js/lib/read_csv.js","s":{"1":1,"2":0,"3":0,"4":0,"5":0,"6":1,"7":0,"8":0,"9":0,"10":0,"11":0,"12":0,"13":0,"14":0,"15":0,"16":0,"17":0,"18":0,"19":0,"20":0,"21":1,"22":0,"23":0,"24":0,"25":0,"26":0,"27":0,"28":0,"29":0,"30":0,"31":0,"32":0,"33":1,"34":0,"35":0,"36":0,"37":0,"38":0,"39":0,"40":0,"41":0,"42":0,"43":0,"44":0,"45":0},"b":{"1":[0,0],"2":[0,0],"3":[0,0],"4":[0,0],"5":[0,0],"6":[0,0],"7":[0,0],"8":[0,0],"9":[0,0],"10":[0,0],"11":[0,0],"12":[0,0,0,0]},"f":{"1":0,"2":0,"3":0,"4":0,"5":0},"fnMap":{"1":{"name":"(anonymous_1)","line":1,"loc":{"start":{"line":1,"column":10},"end":{"line":1,"column":35}}},"2":{"name":"onData","line":7,"loc":{"start":{"line":7,"column":2},"end":{"line":7,"column":24}}},"3":{"name":"onLine","line":25,"loc":{"start":{"line":25,"column":2},"end":{"line":25,"column":53}}},"4":{"name":"(anonymous_4)","line":32,"loc":{"start":{"line":32,"column":15},"end":{"line":32,"column":25}}},"5":{"name":"(anonymous_5)","line":44,"loc":{"start":{"line":44,"column":13},"end":{"line":44,"column":42}}}},"statementMap":{"1":{"start":{"line":1,"column":0},"end":{"line":42,"column":1}},"2":{"start":{"line":2,"column":2},"end":{"line":2,"column":95}},"3":{"start":{"line":3,"column":2},"end":{"line":3,"column":41}},"4":{"start":{"line":4,"column":2},"end":{"line":4,"column":16}},"5":{"start":{"line":5,"column":2},"end":{"line":5,"column":40}},"6":{"start":{"line":7,"column":2},"end":{"line":24,"column":3}},"7":{"start":{"line":8,"column":4},"end":{"line":8,"column":44}},"8":{"start":{"line":9,"column":4},"end":{"line":13,"column":5}},"9":{"start":{"line":10,"column":6},"end":{"line":10,"column":46}},"10":{"start":{"line":11,"column":6},"end":{"line":12,"column":15}},"11":{"start":{"line":12,"column":8},"end":{"line":12,"column":15}},"12":{"start":{"line":14,"column":4},"end":{"line":23,"column":5}},"13":{"start":{"line":15,"column":6},"end":{"line":15,"column":47}},"14":{"start":{"line":16,"column":6},"end":{"line":16,"column":53}},"15":{"start":{"line":17,"column":6},"end":{"line":17,"column":21}},"16":{"start":{"line":18,"column":6},"end":{"line":18,"column":27}},"17":{"start":{"line":19,"column":6},"end":{"line":19,"column":53}},"18":{"start":{"line":20,"column":11},"end":{"line":23,"column":5}},"19":{"start":{"line":21,"column":6},"end":{"line":21,"column":22}},"20":{"start":{"line":22,"column":6},"end":{"line":22,"column":28}},"21":{"start":{"line":25,"column":2},"end":{"line":41,"column":3}},"22":{"start":{"line":26,"column":4},"end":{"line":31,"column":5}},"23":{"start":{"line":27,"column":6},"end":{"line":27,"column":16}},"24":{"start":{"line":28,"column":6},"end":{"line":28,"column":23}},"25":{"start":{"line":30,"column":6},"end":{"line":30,"column":100}},"26":{"start":{"line":32,"column":4},"end":{"line":40,"column":17}},"27":{"start":{"line":33,"column":6},"end":{"line":33,"column":67}},"28":{"start":{"line":34,"column":6},"end":{"line":34,"column":113}},"29":{"start":{"line":35,"column":6},"end":{"line":37,"column":7}},"30":{"start":{"line":36,"column":8},"end":{"line":36,"column":110}},"31":{"start":{"line":38,"column":6},"end":{"line":38,"column":35}},"32":{"start":{"line":39,"column":6},"end":{"line":39,"column":11}},"33":{"start":{"line":44,"column":0},"end":{"line":61,"column":1}},"34":{"start":{"line":45,"column":2},"end":{"line":45,"column":88}},"35":{"start":{"line":46,"column":2},"end":{"line":46,"column":90}},"36":{"start":{"line":48,"column":2},"end":{"line":60,"column":3}},"37":{"start":{"line":49,"column":4},"end":{"line":51,"column":5}},"38":{"start":{"line":50,"column":6},"end":{"line":50,"column":29}},"39":{"start":{"line":52,"column":4},"end":{"line":54,"column":5}},"40":{"start":{"line":53,"column":6},"end":{"line":53,"column":55}},"41":{"start":{"line":55,"column":4},"end":{"line":55,"column":143}},"42":{"start":{"line":56,"column":4},"end":{"line":56,"column":31}},"43":{"start":{"line":57,"column":4},"end":{"line":57,"column":44}},"44":{"start":{"line":58,"column":4},"end":{"line":58,"column":47}},"45":{"start":{"line":59,"column":4},"end":{"line":59,"column":34}}},"branchMap":{"1":{"line":9,"type":"if","locations":[{"start":{"line":9,"column":4},"end":{"line":9,"column":4}},{"start":{"line":9,"column":4},"end":{"line":9,"column":4}}]},"2":{"line":11,"type":"if","locations":[{"start":{"line":11,"column":6},"end":{"line":11,"column":6}},{"start":{"line":11,"column":6},"end":{"line":11,"column":6}}]},"3":{"line":14,"type":"if","locations":[{"start":{"line":14,"column":4},"end":{"line":14,"column":4}},{"start":{"line":14,"column":4},"end":{"line":14,"column":4}}]},"4":{"line":20,"type":"if","locations":[{"start":{"line":20,"column":11},"end":{"line":20,"column":11}},{"start":{"line":20,"column":11},"end":{"line":20,"column":11}}]},"5":{"line":26,"type":"if","locations":[{"start":{"line":26,"column":4},"end":{"line":26,"column":4}},{"start":{"line":26,"column":4},"end":{"line":26,"column":4}}]},"6":{"line":35,"type":"if","locations":[{"start":{"line":35,"column":6},"end":{"line":35,"column":6}},{"start":{"line":35,"column":6},"end":{"line":35,"column":6}}]},"7":{"line":48,"type":"if","locations":[{"start":{"line":48,"column":2},"end":{"line":48,"column":2}},{"start":{"line":48,"column":2},"end":{"line":48,"column":2}}]},"8":{"line":48,"type":"binary-expr","locations":[{"start":{"line":48,"column":5},"end":{"line":48,"column":36}},{"start":{"line":48,"column":40},"end":{"line":48,"column":54}}]},"9":{"line":49,"type":"if","locations":[{"start":{"line":49,"column":4},"end":{"line":49,"column":4}},{"start":{"line":49,"column":4},"end":{"line":49,"column":4}}]},"10":{"line":49,"type":"binary-expr","locations":[{"start":{"line":49,"column":7},"end":{"line":49,"column":39}},{"start":{"line":49,"column":43},"end":{"line":49,"column":58}}]},"11":{"line":52,"type":"if","locations":[{"start":{"line":52,"column":4},"end":{"line":52,"column":4}},{"start":{"line":52,"column":4},"end":{"line":52,"column":4}}]},"12":{"line":52,"type":"binary-expr","locations":[{"start":{"line":52,"column":8},"end":{"line":52,"column":57}},{"start":{"line":52,"column":61},"end":{"line":52,"column":96}},{"start":{"line":52,"column":102},"end":{"line":52,"column":151}},{"start":{"line":52,"column":155},"end":{"line":52,"column":176}}]}},"code":["readCsv = function(font,url,config){","  var file = './' + font[font['type']+'Attributes'][font[font['type']+'CurrentEntry']]['file'];","  var stream = fs.createReadStream(file);","  var first = 0;","  stream.on('data', onData).buffer = '';","","  function onData(chunk){","    var i, hasData = Buffer.isBuffer(chunk);","    if(hasData){","      stream.buffer += chunk.toString('utf8');","      if(stream.paused)","        return;","    }","    if ((i = stream.buffer.indexOf('\\n')) > -1) {","      var line = stream.buffer.substring(0, i);","      stream.buffer = stream.buffer.substring(i + 1);","      stream.pause();","      stream.paused = true;","      onLine(font, url, config, line, onData, first);","    } else if (!hasData) {","      stream.resume();","      stream.paused = false;","    }","  }","  function onLine(font, url, config, line, cb, first){","    if(first == 1){","      first = 0;","      var interval = 0;","    }else{","      var interval = font[font['type']+'Attributes'][font[font['type']+'CurrentEntry']]['interval'];","    }","    setTimeout(function(){","      line = line.replace('\\r','').replace(/^\"(.+(?=\"$))\"$/, '$1');","      data = line.split('\"'+font[font['type']+'Attributes'][font[font['type']+'CurrentEntry']]['delimiter']+'\"');","      if(data.length == 1){","        data = data[0].split(font[font['type']+'Attributes'][font[font['type']+'CurrentEntry']]['delimiter']);","      }","      toJson(font,url,data,config);","      cb();","    }, interval);","  }","}","","var toJson = function(font,url,row,config){","  var data = font[font['type']+'Attributes'][font[font['type']+'CurrentEntry']]['data'];","  var csvId = font[font['type']+'Attributes'][font[font['type']+'CurrentEntry']]['csvId'];","","  if(typeof row[data] !=='undefined' && row[data] !=''){","    if(typeof row[csvId] !=='undefined' && row[csvId] !=''){","      url.csvId = row[csvId];","    }","    if((typeof font['encode'+font['type']] != 'undefined' && font['encode'+font['type']] == true) || (typeof font['encode'+font['type']] == 'undefined' && font['type'] == 'get')){","      row[data] = encodeURIComponent(row[data].trim());","    }","    url[font['type']] = font[font['type']].replace(font[font['type']+'Attributes'][font[font['type']+'CurrentEntry']]['parameter'], row[data]);","    var fontTemp = clone(font);","    fontTemp[font['type']+'CurrentEntry']++;","    fontTemp[font['type']] = url[font['type']];","    getEntry(fontTemp,url,config);","  }","}",""],"l":{"1":1,"2":0,"3":0,"4":0,"5":0,"7":1,"8":0,"9":0,"10":0,"11":0,"12":0,"14":0,"15":0,"16":0,"17":0,"18":0,"19":0,"20":0,"21":0,"22":0,"25":1,"26":0,"27":0,"28":0,"30":0,"32":0,"33":0,"34":0,"35":0,"36":0,"38":0,"39":0,"44":1,"45":0,"46":0,"48":0,"49":0,"50":0,"52":0,"53":0,"55":0,"56":0,"57":0,"58":0,"59":0}},"/home/travis/build/npmtest/node-npmtest-crawler-js/node_modules/crawler-js/lib/read_mongodb.js":{"path":"/home/travis/build/npmtest/node-npmtest-crawler-js/node_modules/crawler-js/lib/read_mongodb.js","s":{"1":1,"2":0,"3":0,"4":0,"5":0,"6":0,"7":0,"8":0,"9":0,"10":0,"11":0,"12":0,"13":0,"14":0,"15":0,"16":0,"17":0,"18":0,"19":0,"20":0,"21":0,"22":0,"23":0,"24":0},"b":{"1":[0,0],"2":[0,0],"3":[0,0],"4":[0,0],"5":[0,0,0,0]},"f":{"1":0,"2":0,"3":0,"4":0},"fnMap":{"1":{"name":"(anonymous_1)","line":1,"loc":{"start":{"line":1,"column":14},"end":{"line":1,"column":39}}},"2":{"name":"(anonymous_2)","line":3,"loc":{"start":{"line":3,"column":4},"end":{"line":3,"column":18}}},"3":{"name":"(anonymous_3)","line":13,"loc":{"start":{"line":13,"column":15},"end":{"line":13,"column":44}}},"4":{"name":"(anonymous_4)","line":21,"loc":{"start":{"line":21,"column":6},"end":{"line":21,"column":24}}}},"statementMap":{"1":{"start":{"line":1,"column":0},"end":{"line":41,"column":1}},"2":{"start":{"line":2,"column":2},"end":{"line":12,"column":3}},"3":{"start":{"line":4,"column":6},"end":{"line":10,"column":7}},"4":{"start":{"line":5,"column":8},"end":{"line":7,"column":9}},"5":{"start":{"line":6,"column":10},"end":{"line":6,"column":47}},"6":{"start":{"line":9,"column":8},"end":{"line":9,"column":30}},"7":{"start":{"line":13,"column":2},"end":{"line":40,"column":3}},"8":{"start":{"line":14,"column":4},"end":{"line":19,"column":5}},"9":{"start":{"line":15,"column":6},"end":{"line":15,"column":50}},"10":{"start":{"line":16,"column":6},"end":{"line":16,"column":56}},"11":{"start":{"line":18,"column":6},"end":{"line":18,"column":35}},"12":{"start":{"line":20,"column":4},"end":{"line":39,"column":6}},"13":{"start":{"line":22,"column":8},"end":{"line":37,"column":9}},"14":{"start":{"line":23,"column":10},"end":{"line":23,"column":27}},"15":{"start":{"line":25,"column":10},"end":{"line":25,"column":104}},"16":{"start":{"line":26,"column":10},"end":{"line":26,"column":36}},"17":{"start":{"line":27,"column":10},"end":{"line":27,"column":99}},"18":{"start":{"line":29,"column":10},"end":{"line":31,"column":11}},"19":{"start":{"line":30,"column":12},"end":{"line":30,"column":49}},"20":{"start":{"line":32,"column":10},"end":{"line":32,"column":143}},"21":{"start":{"line":33,"column":10},"end":{"line":33,"column":37}},"22":{"start":{"line":34,"column":10},"end":{"line":34,"column":50}},"23":{"start":{"line":35,"column":10},"end":{"line":35,"column":53}},"24":{"start":{"line":36,"column":10},"end":{"line":36,"column":40}}},"branchMap":{"1":{"line":4,"type":"if","locations":[{"start":{"line":4,"column":6},"end":{"line":4,"column":6}},{"start":{"line":4,"column":6},"end":{"line":4,"column":6}}]},"2":{"line":14,"type":"if","locations":[{"start":{"line":14,"column":4},"end":{"line":14,"column":4}},{"start":{"line":14,"column":4},"end":{"line":14,"column":4}}]},"3":{"line":22,"type":"if","locations":[{"start":{"line":22,"column":8},"end":{"line":22,"column":8}},{"start":{"line":22,"column":8},"end":{"line":22,"column":8}}]},"4":{"line":29,"type":"if","locations":[{"start":{"line":29,"column":10},"end":{"line":29,"column":10}},{"start":{"line":29,"column":10},"end":{"line":29,"column":10}}]},"5":{"line":29,"type":"binary-expr","locations":[{"start":{"line":29,"column":14},"end":{"line":29,"column":63}},{"start":{"line":29,"column":67},"end":{"line":29,"column":102}},{"start":{"line":29,"column":108},"end":{"line":29,"column":157}},{"start":{"line":29,"column":161},"end":{"line":29,"column":182}}]}},"code":["readMongoDb = function(font,url,config){","  dbUrls.collection(font[font['type']+'Attributes'][font[font['type']+'CurrentEntry']]['collection']).find({cjsStatus:null}).limit(1).toArray().done(","    function(docs){","      if(docs.length > 0){","        for(doc in docs){","          updateTerm(font,url,config,docs[doc])","        }","      }else{","        console.log('Finish');","      }","    }","  )","  updateTerm = function(font,url,config,doc){","    if(font.preview == 0){","      var cjsStatus = getUuid('xxxxxxxxxxxxxxxx');","      var dataUpdate = {'$set':{'cjsStatus':cjsStatus}};","    }else{","      var dataUpdate = {'$set':{}};","    }","    dbUrls.collection(font[font['type']+'Attributes'][font[font['type']+'CurrentEntry']]['collection']).update({_id:doc._id},dataUpdate,{upsert:true,safe:false},","      function(err,data){","        if(err){","          console.log(err);","        }else{","          url.mongoDbId = doc[font[font['type']+'Attributes'][font[font['type']+'CurrentEntry']]['id']];","          url.cjsStatus = cjsStatus;","          var key = doc[font[font['type']+'Attributes'][font[font['type']+'CurrentEntry']]['key']];","","          if((typeof font['encode'+font['type']] != 'undefined' && font['encode'+font['type']] == true) || (typeof font['encode'+font['type']] == 'undefined' && font['type'] == 'get')){","            key = encodeURIComponent(key.trim());","          }","          url[font['type']] = font[font['type']].replace(font[font['type']+'Attributes'][font[font['type']+'CurrentEntry']]['parameter'], key);","          var fontTemp = clone(font);","          fontTemp[font['type']+'CurrentEntry']++;","          fontTemp[font['type']] = url[font['type']];","          getEntry(fontTemp,url,config);","        }","      }","    );","  }","}",""],"l":{"1":1,"2":0,"4":0,"5":0,"6":0,"9":0,"13":0,"14":0,"15":0,"16":0,"18":0,"20":0,"22":0,"23":0,"25":0,"26":0,"27":0,"29":0,"30":0,"32":0,"33":0,"34":0,"35":0,"36":0}}}